<?xml version="1.0" encoding="UTF-8"?>
<!-- Generated by org.testng.reporters.JUnitXMLReporter -->
<testsuite ignored="0" hostname="DESKTOP-CHKRU1Q" failures="0" tests="6" name="Test Case" time="0.057" errors="0" timestamp="2024-04-08T21:54:09 ICT">
  <testcase classname="Test.day3" name="Mobilelogincarloan" time="0.004"/>
  <testcase classname="Test.day3" name="Weblogincarloan" time="0.006"/>
  <testcase classname="Test.day3" name="addThem" time="0.001"/>
  <testcase classname="Test.day3" name="addThem" time="0.0"/>
  <testcase classname="Test.day3" name="addThem" time="0.001"/>
  <testcase classname="Test.day3" name="LoginAPIcarloan" time="0.001"/>
</testsuite> <!-- Test Case -->
