<?xml version="1.0" encoding="UTF-8"?>
<!-- Generated by org.testng.reporters.JUnitXMLReporter -->
<testsuite ignored="3" hostname="DESKTOP-CHKRU1Q" failures="0" tests="0" time="0.001" errors="0" timestamp="2024-03-28T06:48:53 ICT">
  <testcase classname="Test.day3" name="Mobilelogincarloan" time="0.0">
    <ignored/>
  </testcase> <!-- Mobilelogincarloan -->
  <testcase classname="Test.day3" name="Weblogincarloan" time="0.0">
    <ignored/>
  </testcase> <!-- Weblogincarloan -->
  <testcase classname="Test.day3" name="LoginAPIcarloan" time="0.0">
    <ignored/>
  </testcase> <!-- LoginAPIcarloan -->
</testsuite>
