<?xml version="1.0" encoding="UTF-8"?>
<!-- Generated by org.testng.reporters.JUnitXMLReporter -->
<testsuite ignored="0" hostname="DESKTOP-CHKRU1Q" failures="0" tests="3" name="Home Loan" time="0.009" errors="0" timestamp="2024-03-16T22:09:01 ICT">
  <testcase classname="Test.day4" name="LoginAPIhomeloan" time="0.001"/>
  <testcase classname="Test.day4" name="Mobileloginhomeloan" time="0.001"/>
  <testcase classname="Test.day4" name="Webloginhomeloan" time="0.001"/>
</testsuite> <!-- Home Loan -->
