<?xml version="1.0" encoding="UTF-8"?>
<!-- Generated by org.testng.reporters.JUnitXMLReporter -->
<testsuite ignored="1" hostname="DESKTOP-CHKRU1Q" failures="2" tests="11" name="Personal Loan" time="0.128" errors="0" timestamp="2024-04-28T15:56:33 ICT">
  <testcase classname="Test.day1" name="Demo" time="0.008"/>
  <testcase classname="Test.day1" name="SecondTest" time="0.002"/>
  <testcase classname="Test.day2" name="ThirdTest" time="0.02">
    <failure type="java.lang.AssertionError" message="expected [true] but found [false]">
      <![CDATA[java.lang.AssertionError: expected [true] but found [false]
at Test.day2.ThirdTest(day2.java:14)
at java.base/java.util.concurrent.Executors$RunnableAdapter.call(Executors.java:539)
at java.base/java.util.concurrent.FutureTask.run(FutureTask.java:264)
at java.base/java.util.concurrent.ThreadPoolExecutor.runWorker(ThreadPoolExecutor.java:1136)
at java.base/java.util.concurrent.ThreadPoolExecutor$Worker.run(ThreadPoolExecutor.java:635)
at java.base/java.lang.Thread.run(Thread.java:833)
... Removed 17 stack frames]]>
    </failure>
  </testcase> <!-- ThirdTest -->
  <testcase classname="Test.day3" name="Mobilelogincarloan" time="0.003"/>
  <testcase classname="Test.day4" name="LoginAPIhomeloan" time="0.007"/>
  <testcase classname="Test.day4" name="Webloginhomeloan" time="0.002"/>
  <testcase classname="Test.day3" name="Weblogincarloan" time="0.0">
    <failure type="org.testng.TestNGException" message="
Parameter &amp;apos;APIKey&amp;apos; is required by @Test on method Weblogincarloan but has not been marked @Optional or defined
in E:\javastudy\TestNGTutorial\testng.xml">
      <![CDATA[org.testng.TestNGException: 
Parameter 'APIKey' is required by @Test on method Weblogincarloan but has not been marked @Optional or defined
in E:\javastudy\TestNGTutorial\testng.xml
at java.base/java.util.concurrent.Executors$RunnableAdapter.call(Executors.java:539)
at java.base/java.util.concurrent.FutureTask.run(FutureTask.java:264)
at java.base/java.util.concurrent.ThreadPoolExecutor.runWorker(ThreadPoolExecutor.java:1136)
at java.base/java.util.concurrent.ThreadPoolExecutor$Worker.run(ThreadPoolExecutor.java:635)
at java.base/java.lang.Thread.run(Thread.java:833)
... Removed 12 stack frames]]>
    </failure>
  </testcase> <!-- Weblogincarloan -->
  <testcase classname="Test.day3" name="addThem" time="0.002"/>
  <testcase classname="Test.day3" name="addThem" time="0.002"/>
  <testcase classname="Test.day3" name="addThem" time="0.001"/>
  <testcase classname="Test.day3" name="LoginAPIcarloan" time="0.0">
    <skipped/>
  </testcase> <!-- LoginAPIcarloan -->
  <testcase classname="Test.day4" name="Mobileloginhomeloan" time="0.0">
    <ignored/>
  </testcase> <!-- Mobileloginhomeloan -->
</testsuite> <!-- Personal Loan -->
