<?xml version="1.0" encoding="UTF-8"?>
<testsuite xmlns:xsi="http://www.w3.org/2001/XMLSchema-instance" xsi:noNamespaceSchemaLocation="https://maven.apache.org/surefire/maven-surefire-plugin/xsd/surefire-test-report.xsd" version="3.0.2" name="TestSuite" time="31.503" tests="3" errors="0" skipped="1" failures="1">
  <properties>
[...]
</properties>
  <testcase name="submitOrder[{password=P@ssw0rd, product=ZARA COAT 3, email=trangtruong9798@gmail.com}](1)" classname="trangacademy.trangselenium.pageobjects.SubmitOrderTest" time="11.705">
    <system-out><![CDATA[Configuring TestNG with: TestNG740Configurator
14:55:24.254 [main] DEBUG io.github.bonigarcia.wdm.WebDriverManager - Using WebDriverManager 5.9.1
14:55:24.653 [main] DEBUG io.github.bonigarcia.wdm.cache.ResolutionCache - Removing resolution chrome=126 from cache (expired on Sat Jul 27 12:58:32 ICT 2024)
14:55:24.674 [main] DEBUG org.apache.hc.client5.http.impl.classic.InternalHttpClient - ex-0000000001 preparing request execution
14:55:24.687 [main] DEBUG org.apache.hc.client5.http.impl.classic.ProtocolExec - ex-0000000001 target auth state: UNCHALLENGED
14:55:24.688 [main] DEBUG org.apache.hc.client5.http.impl.classic.ProtocolExec - ex-0000000001 proxy auth state: UNCHALLENGED
14:55:24.688 [main] DEBUG org.apache.hc.client5.http.impl.classic.ConnectExec - ex-0000000001 acquiring connection with route {s}->https://raw.githubusercontent.com:443
14:55:24.688 [main] DEBUG org.apache.hc.client5.http.impl.classic.InternalHttpClient - ex-0000000001 acquiring endpoint (3 MINUTES)
14:55:24.690 [main] DEBUG org.apache.hc.client5.http.impl.io.PoolingHttpClientConnectionManager - ex-0000000001 endpoint lease request (3 MINUTES) [route: {s}->https://raw.githubusercontent.com:443][total available: 0; route allocated: 0 of 5; total allocated: 0 of 25]
14:55:24.696 [main] DEBUG org.apache.hc.client5.http.impl.io.PoolingHttpClientConnectionManager - ex-0000000001 endpoint leased [route: {s}->https://raw.githubusercontent.com:443][total available: 0; route allocated: 1 of 5; total allocated: 1 of 25]
14:55:24.709 [main] DEBUG org.apache.hc.client5.http.impl.io.PoolingHttpClientConnectionManager - ex-0000000001 acquired ep-0000000001
14:55:24.709 [main] DEBUG org.apache.hc.client5.http.impl.classic.InternalHttpClient - ex-0000000001 acquired endpoint ep-0000000001
14:55:24.709 [main] DEBUG org.apache.hc.client5.http.impl.classic.ConnectExec - ex-0000000001 opening connection {s}->https://raw.githubusercontent.com:443
14:55:24.710 [main] DEBUG org.apache.hc.client5.http.impl.classic.InternalHttpClient - ep-0000000001 connecting endpoint (null)
14:55:24.713 [main] DEBUG org.apache.hc.client5.http.impl.io.PoolingHttpClientConnectionManager - ep-0000000001 connecting endpoint to https://raw.githubusercontent.com:443 (30 SECONDS)
14:55:24.713 [main] DEBUG org.apache.hc.client5.http.impl.io.DefaultHttpClientConnectionOperator - raw.githubusercontent.com resolving remote address
14:55:24.744 [main] DEBUG org.apache.hc.client5.http.impl.io.DefaultHttpClientConnectionOperator - raw.githubusercontent.com resolved to [raw.githubusercontent.com/185.199.108.133, raw.githubusercontent.com/185.199.109.133, raw.githubusercontent.com/185.199.110.133, raw.githubusercontent.com/185.199.111.133, raw.githubusercontent.com/2606:50c0:8001:0:0:0:0:154, raw.githubusercontent.com/2606:50c0:8002:0:0:0:0:154, raw.githubusercontent.com/2606:50c0:8003:0:0:0:0:154, raw.githubusercontent.com/2606:50c0:8000:0:0:0:0:154]
14:55:24.750 [main] DEBUG org.apache.hc.client5.http.impl.io.DefaultHttpClientConnectionOperator - raw.githubusercontent.com:443 connecting null->raw.githubusercontent.com/185.199.108.133:443 (30 SECONDS)
14:55:24.750 [main] DEBUG org.apache.hc.client5.http.ssl.SSLConnectionSocketFactory - Connecting socket to raw.githubusercontent.com/185.199.108.133:443 with timeout 30 SECONDS
14:55:24.850 [main] DEBUG org.apache.hc.client5.http.ssl.SSLConnectionSocketFactory - Enabled protocols: [TLSv1.3, TLSv1.2]
14:55:24.850 [main] DEBUG org.apache.hc.client5.http.ssl.SSLConnectionSocketFactory - Enabled cipher suites: [TLS_AES_256_GCM_SHA384, TLS_AES_128_GCM_SHA256, TLS_CHACHA20_POLY1305_SHA256, TLS_ECDHE_ECDSA_WITH_AES_256_GCM_SHA384, TLS_ECDHE_ECDSA_WITH_AES_128_GCM_SHA256, TLS_ECDHE_ECDSA_WITH_CHACHA20_POLY1305_SHA256, TLS_ECDHE_RSA_WITH_AES_256_GCM_SHA384, TLS_ECDHE_RSA_WITH_CHACHA20_POLY1305_SHA256, TLS_ECDHE_RSA_WITH_AES_128_GCM_SHA256, TLS_DHE_RSA_WITH_AES_256_GCM_SHA384, TLS_DHE_RSA_WITH_CHACHA20_POLY1305_SHA256, TLS_DHE_DSS_WITH_AES_256_GCM_SHA384, TLS_DHE_RSA_WITH_AES_128_GCM_SHA256, TLS_DHE_DSS_WITH_AES_128_GCM_SHA256, TLS_ECDHE_ECDSA_WITH_AES_256_CBC_SHA384, TLS_ECDHE_RSA_WITH_AES_256_CBC_SHA384, TLS_ECDHE_ECDSA_WITH_AES_128_CBC_SHA256, TLS_ECDHE_RSA_WITH_AES_128_CBC_SHA256, TLS_DHE_RSA_WITH_AES_256_CBC_SHA256, TLS_DHE_DSS_WITH_AES_256_CBC_SHA256, TLS_DHE_RSA_WITH_AES_128_CBC_SHA256, TLS_DHE_DSS_WITH_AES_128_CBC_SHA256, TLS_ECDH_ECDSA_WITH_AES_256_GCM_SHA384, TLS_ECDH_RSA_WITH_AES_256_GCM_SHA384, TLS_ECDH_ECDSA_WITH_AES_128_GCM_SHA256, TLS_ECDH_RSA_WITH_AES_128_GCM_SHA256, TLS_ECDH_ECDSA_WITH_AES_256_CBC_SHA384, TLS_ECDH_RSA_WITH_AES_256_CBC_SHA384, TLS_ECDH_ECDSA_WITH_AES_128_CBC_SHA256, TLS_ECDH_RSA_WITH_AES_128_CBC_SHA256, TLS_ECDHE_ECDSA_WITH_AES_256_CBC_SHA, TLS_ECDHE_RSA_WITH_AES_256_CBC_SHA, TLS_ECDHE_ECDSA_WITH_AES_128_CBC_SHA, TLS_ECDHE_RSA_WITH_AES_128_CBC_SHA, TLS_DHE_RSA_WITH_AES_256_CBC_SHA, TLS_DHE_DSS_WITH_AES_256_CBC_SHA, TLS_DHE_RSA_WITH_AES_128_CBC_SHA, TLS_DHE_DSS_WITH_AES_128_CBC_SHA, TLS_ECDH_ECDSA_WITH_AES_256_CBC_SHA, TLS_ECDH_RSA_WITH_AES_256_CBC_SHA, TLS_ECDH_ECDSA_WITH_AES_128_CBC_SHA, TLS_ECDH_RSA_WITH_AES_128_CBC_SHA, TLS_RSA_WITH_AES_256_GCM_SHA384, TLS_RSA_WITH_AES_128_GCM_SHA256, TLS_RSA_WITH_AES_256_CBC_SHA256, TLS_RSA_WITH_AES_128_CBC_SHA256, TLS_RSA_WITH_AES_256_CBC_SHA, TLS_RSA_WITH_AES_128_CBC_SHA, TLS_EMPTY_RENEGOTIATION_INFO_SCSV]
14:55:24.851 [main] DEBUG org.apache.hc.client5.http.ssl.SSLConnectionSocketFactory - Starting handshake (null)
14:55:24.990 [main] DEBUG org.apache.hc.client5.http.ssl.SSLConnectionSocketFactory - Secure session established
14:55:24.990 [main] DEBUG org.apache.hc.client5.http.ssl.SSLConnectionSocketFactory -  negotiated protocol: TLSv1.3
14:55:24.990 [main] DEBUG org.apache.hc.client5.http.ssl.SSLConnectionSocketFactory -  negotiated cipher suite: TLS_AES_128_GCM_SHA256
14:55:24.990 [main] DEBUG org.apache.hc.client5.http.ssl.SSLConnectionSocketFactory -  peer principal: CN=*.github.io, O="GitHub, Inc.", L=San Francisco, ST=California, C=US
14:55:24.992 [main] DEBUG org.apache.hc.client5.http.ssl.SSLConnectionSocketFactory -  peer alternative names: [*.github.io, github.io, githubusercontent.com, www.github.com, *.github.com, *.githubusercontent.com, github.com]
14:55:24.992 [main] DEBUG org.apache.hc.client5.http.ssl.SSLConnectionSocketFactory -  issuer principal: CN=DigiCert Global G2 TLS RSA SHA256 2020 CA1, O=DigiCert Inc, C=US
14:55:24.992 [main] DEBUG org.apache.hc.client5.http.impl.io.DefaultManagedHttpClientConnection - http-outgoing-0 set socket timeout to 3 MINUTES
14:55:24.993 [main] DEBUG org.apache.hc.client5.http.impl.io.DefaultHttpClientConnectionOperator - raw.githubusercontent.com:443 connected null->raw.githubusercontent.com/185.199.108.133:443 as http-outgoing-0
14:55:24.993 [main] DEBUG org.apache.hc.client5.http.impl.io.PoolingHttpClientConnectionManager - ep-0000000001 connected http-outgoing-0
14:55:24.993 [main] DEBUG org.apache.hc.client5.http.impl.classic.InternalHttpClient - ep-0000000001 endpoint connected
14:55:24.994 [main] DEBUG org.apache.hc.client5.http.impl.classic.MainClientExec - ex-0000000001 executing GET /bonigarcia/webdrivermanager/master/src/main/resources/commands.properties HTTP/1.1
14:55:24.995 [main] DEBUG org.apache.hc.client5.http.protocol.RequestAddCookies - ex-0000000001 Cookie spec selected: strict
14:55:25.004 [main] DEBUG org.apache.hc.client5.http.impl.classic.InternalHttpClient - ep-0000000001 start execution ex-0000000001
14:55:25.004 [main] DEBUG org.apache.hc.client5.http.impl.io.PoolingHttpClientConnectionManager - ep-0000000001 executing exchange ex-0000000001 over http-outgoing-0
14:55:25.005 [main] DEBUG org.apache.hc.client5.http.headers - http-outgoing-0 >> GET /bonigarcia/webdrivermanager/master/src/main/resources/commands.properties HTTP/1.1
14:55:25.005 [main] DEBUG org.apache.hc.client5.http.headers - http-outgoing-0 >> user-agent: Apache-HttpClient/5.0
14:55:25.005 [main] DEBUG org.apache.hc.client5.http.headers - http-outgoing-0 >> accept-encoding: gzip, deflate, br
14:55:25.005 [main] DEBUG org.apache.hc.client5.http.headers - http-outgoing-0 >> cache-control: max-age=0
14:55:25.005 [main] DEBUG org.apache.hc.client5.http.headers - http-outgoing-0 >> connection: keep-alive
14:55:25.006 [main] DEBUG org.apache.hc.client5.http.headers - http-outgoing-0 >> Host: raw.githubusercontent.com
14:55:25.006 [main] DEBUG org.apache.hc.client5.http.wire - http-outgoing-0 >> "GET /bonigarcia/webdrivermanager/master/src/main/resources/commands.properties HTTP/1.1[\r][\n]"
14:55:25.006 [main] DEBUG org.apache.hc.client5.http.wire - http-outgoing-0 >> "user-agent: Apache-HttpClient/5.0[\r][\n]"
14:55:25.006 [main] DEBUG org.apache.hc.client5.http.wire - http-outgoing-0 >> "accept-encoding: gzip, deflate, br[\r][\n]"
14:55:25.006 [main] DEBUG org.apache.hc.client5.http.wire - http-outgoing-0 >> "cache-control: max-age=0[\r][\n]"
14:55:25.006 [main] DEBUG org.apache.hc.client5.http.wire - http-outgoing-0 >> "connection: keep-alive[\r][\n]"
14:55:25.006 [main] DEBUG org.apache.hc.client5.http.wire - http-outgoing-0 >> "Host: raw.githubusercontent.com[\r][\n]"
14:55:25.006 [main] DEBUG org.apache.hc.client5.http.wire - http-outgoing-0 >> "[\r][\n]"
14:55:25.056 [main] DEBUG org.apache.hc.client5.http.wire - http-outgoing-0 << "HTTP/1.1 200 OK[\r][\n]"
14:55:25.056 [main] DEBUG org.apache.hc.client5.http.wire - http-outgoing-0 << "Connection: keep-alive[\r][\n]"
14:55:25.056 [main] DEBUG org.apache.hc.client5.http.wire - http-outgoing-0 << "Content-Length: 745[\r][\n]"
14:55:25.056 [main] DEBUG org.apache.hc.client5.http.wire - http-outgoing-0 << "Cache-Control: max-age=300[\r][\n]"
14:55:25.056 [main] DEBUG org.apache.hc.client5.http.wire - http-outgoing-0 << "Content-Security-Policy: default-src 'none'; style-src 'unsafe-inline'; sandbox[\r][\n]"
14:55:25.056 [main] DEBUG org.apache.hc.client5.http.wire - http-outgoing-0 << "Content-Type: text/plain; charset=utf-8[\r][\n]"
14:55:25.057 [main] DEBUG org.apache.hc.client5.http.wire - http-outgoing-0 << "ETag: W/"dd41edff335272162022217759820159dac501cff56850e2510f504462cd9b5f"[\r][\n]"
14:55:25.057 [main] DEBUG org.apache.hc.client5.http.wire - http-outgoing-0 << "Strict-Transport-Security: max-age=31536000[\r][\n]"
14:55:25.057 [main] DEBUG org.apache.hc.client5.http.wire - http-outgoing-0 << "X-Content-Type-Options: nosniff[\r][\n]"
14:55:25.057 [main] DEBUG org.apache.hc.client5.http.wire - http-outgoing-0 << "X-Frame-Options: deny[\r][\n]"
14:55:25.057 [main] DEBUG org.apache.hc.client5.http.wire - http-outgoing-0 << "X-XSS-Protection: 1; mode=block[\r][\n]"
14:55:25.057 [main] DEBUG org.apache.hc.client5.http.wire - http-outgoing-0 << "X-GitHub-Request-Id: 11D7:08F7:524495:656730:669EDFDE[\r][\n]"
14:55:25.057 [main] DEBUG org.apache.hc.client5.http.wire - http-outgoing-0 << "Content-Encoding: gzip[\r][\n]"
14:55:25.057 [main] DEBUG org.apache.hc.client5.http.wire - http-outgoing-0 << "Accept-Ranges: bytes[\r][\n]"
14:55:25.057 [main] DEBUG org.apache.hc.client5.http.wire - http-outgoing-0 << "Date: Sun, 28 Jul 2024 07:55:25 GMT[\r][\n]"
14:55:25.057 [main] DEBUG org.apache.hc.client5.http.wire - http-outgoing-0 << "Via: 1.1 varnish[\r][\n]"
14:55:25.057 [main] DEBUG org.apache.hc.client5.http.wire - http-outgoing-0 << "X-Served-By: cache-hkg17927-HKG[\r][\n]"
14:55:25.058 [main] DEBUG org.apache.hc.client5.http.wire - http-outgoing-0 << "X-Cache: HIT[\r][\n]"
14:55:25.058 [main] DEBUG org.apache.hc.client5.http.wire - http-outgoing-0 << "X-Cache-Hits: 1[\r][\n]"
14:55:25.058 [main] DEBUG org.apache.hc.client5.http.wire - http-outgoing-0 << "X-Timer: S1722153326.718137,VS0,VE1[\r][\n]"
14:55:25.058 [main] DEBUG org.apache.hc.client5.http.wire - http-outgoing-0 << "Vary: Authorization,Accept-Encoding,Origin[\r][\n]"
14:55:25.058 [main] DEBUG org.apache.hc.client5.http.wire - http-outgoing-0 << "Access-Control-Allow-Origin: *[\r][\n]"
14:55:25.058 [main] DEBUG org.apache.hc.client5.http.wire - http-outgoing-0 << "Cross-Origin-Resource-Policy: cross-origin[\r][\n]"
14:55:25.058 [main] DEBUG org.apache.hc.client5.http.wire - http-outgoing-0 << "X-Fastly-Request-ID: d9c43f59e4f74185d21a10e5c3000366b57a73be[\r][\n]"
14:55:25.058 [main] DEBUG org.apache.hc.client5.http.wire - http-outgoing-0 << "Expires: Sun, 28 Jul 2024 08:00:25 GMT[\r][\n]"
14:55:25.058 [main] DEBUG org.apache.hc.client5.http.wire - http-outgoing-0 << "Source-Age: 253[\r][\n]"
14:55:25.058 [main] DEBUG org.apache.hc.client5.http.wire - http-outgoing-0 << "[\r][\n]"
14:55:25.060 [main] DEBUG org.apache.hc.client5.http.headers - http-outgoing-0 << HTTP/1.1 200 OK
14:55:25.060 [main] DEBUG org.apache.hc.client5.http.headers - http-outgoing-0 << Connection: keep-alive
14:55:25.060 [main] DEBUG org.apache.hc.client5.http.headers - http-outgoing-0 << Content-Length: 745
14:55:25.060 [main] DEBUG org.apache.hc.client5.http.headers - http-outgoing-0 << Cache-Control: max-age=300
14:55:25.060 [main] DEBUG org.apache.hc.client5.http.headers - http-outgoing-0 << Content-Security-Policy: default-src 'none'; style-src 'unsafe-inline'; sandbox
14:55:25.060 [main] DEBUG org.apache.hc.client5.http.headers - http-outgoing-0 << Content-Type: text/plain; charset=utf-8
14:55:25.061 [main] DEBUG org.apache.hc.client5.http.headers - http-outgoing-0 << ETag: W/"dd41edff335272162022217759820159dac501cff56850e2510f504462cd9b5f"
14:55:25.061 [main] DEBUG org.apache.hc.client5.http.headers - http-outgoing-0 << Strict-Transport-Security: max-age=31536000
14:55:25.061 [main] DEBUG org.apache.hc.client5.http.headers - http-outgoing-0 << X-Content-Type-Options: nosniff
14:55:25.061 [main] DEBUG org.apache.hc.client5.http.headers - http-outgoing-0 << X-Frame-Options: deny
14:55:25.061 [main] DEBUG org.apache.hc.client5.http.headers - http-outgoing-0 << X-XSS-Protection: 1; mode=block
14:55:25.061 [main] DEBUG org.apache.hc.client5.http.headers - http-outgoing-0 << X-GitHub-Request-Id: 11D7:08F7:524495:656730:669EDFDE
14:55:25.061 [main] DEBUG org.apache.hc.client5.http.headers - http-outgoing-0 << Content-Encoding: gzip
14:55:25.061 [main] DEBUG org.apache.hc.client5.http.headers - http-outgoing-0 << Accept-Ranges: bytes
14:55:25.061 [main] DEBUG org.apache.hc.client5.http.headers - http-outgoing-0 << Date: Sun, 28 Jul 2024 07:55:25 GMT
14:55:25.061 [main] DEBUG org.apache.hc.client5.http.headers - http-outgoing-0 << Via: 1.1 varnish
14:55:25.061 [main] DEBUG org.apache.hc.client5.http.headers - http-outgoing-0 << X-Served-By: cache-hkg17927-HKG
14:55:25.062 [main] DEBUG org.apache.hc.client5.http.headers - http-outgoing-0 << X-Cache: HIT
14:55:25.062 [main] DEBUG org.apache.hc.client5.http.headers - http-outgoing-0 << X-Cache-Hits: 1
14:55:25.062 [main] DEBUG org.apache.hc.client5.http.headers - http-outgoing-0 << X-Timer: S1722153326.718137,VS0,VE1
14:55:25.062 [main] DEBUG org.apache.hc.client5.http.headers - http-outgoing-0 << Vary: Authorization,Accept-Encoding,Origin
14:55:25.062 [main] DEBUG org.apache.hc.client5.http.headers - http-outgoing-0 << Access-Control-Allow-Origin: *
14:55:25.062 [main] DEBUG org.apache.hc.client5.http.headers - http-outgoing-0 << Cross-Origin-Resource-Policy: cross-origin
14:55:25.062 [main] DEBUG org.apache.hc.client5.http.headers - http-outgoing-0 << X-Fastly-Request-ID: d9c43f59e4f74185d21a10e5c3000366b57a73be
14:55:25.062 [main] DEBUG org.apache.hc.client5.http.headers - http-outgoing-0 << Expires: Sun, 28 Jul 2024 08:00:25 GMT
14:55:25.062 [main] DEBUG org.apache.hc.client5.http.headers - http-outgoing-0 << Source-Age: 253
14:55:25.065 [main] DEBUG org.apache.hc.client5.http.impl.classic.MainClientExec - ex-0000000001 connection can be kept alive for 3 MINUTES
14:55:25.067 [main] DEBUG org.apache.hc.client5.http.wire - http-outgoing-0 << "[0x1f][0xffffff8b][0x8][0x0][0x0][0x0][0x0][0x0][0x0][0x3][0xffffffb5]W]o[0xffffffda]0[0x14]}[0xffffffe7]W\QUj% [0x1b][0xffffffad][0xffffffa6]i[0x12][0xf]4c[0xffffffdd]4*[0x18][0xffffffb4][0xffffffdd]&[0xfffffff9][0xffffffc5]$N[0xffffffb0][0xffffff94][0xffffffd8][0xffffffc8]NJ[0xffffffb7]_?[0xffffffdb][0xfffffff9]X[0xffffff92]:[0xffffffa3]k[0xffffffe8][0x1b][0xffffffb6][0xffffffef]=[0xffffffe7][0xffffffd8][0xfffffff7][0xffffffe4][0xffffffda][0xffffff9c][0xffffff80][0xffffffcb][0xffffffe3][0x18]3_[0xffffff82][0xffffff8f][0x13][0xffffffbc][0xffffffc1][0xffffff92][0xfffffff4]N[0xffffffe0]vK%[0x4]4"[0xffffffe0]q[0xffffff96]`[0xffffffca]$$[=[0xffffffc8]C[0x13][0xe][0x1b][0x2][0xffffffe4][0xffffff91]xiB|[0xffffffa0][0xffffffcc],[0xffffffcb]-[0xffffff89]"=[0xffffffe0][0xffffffc2]'B[0x7][0xfffffff9]$!^b[0x16][0x1f][0xffffff88][0xffffff90][0xffffff94][0xffffffab][0xffffffb5][0x0][0xffffff88][0xfffffffa][0x1d][\n]"
14:55:25.069 [main] DEBUG org.apache.hc.client5.http.wire - http-outgoing-0 << "B[0x18]l[0x4][0xffffffdf]K[0xffffffb5][0xffffffa0]([0xffffffcf][0xffffffdc][0xffffffad][0xffffffe0]1[0x19][0xffffffc0]'*H[0xffffffc0][0x1f][0x7][0xffffffb0][0xffffffd8][0x11][0xffffff81][0x7]0[0xfffffff3]C5kVi[0x1a][0xffffff9f]k|[0xffffff9f][0x6][0x1][0x11][0xffffff84]%[0xffffffc0]uLBY[0x8][0xfffffff2][0xffffff97]LH,[0xffffffe1][0xffffffec];e[0xffffffbe]B[0x1d][0xffffffc0][0xffffff9c][0xffffffb2]T[0xffffffc1][0xffffffdc]`[0xf][0x16][0xffffffeb][0xfffffff3][0xffffff9e][0xffffffe2][0xffffffc8](z[0xfffffff9]6F[0xffffff9e][0x19][0xffffff8e][0xfffffff6]Y[0xffffffc2][0xffffffe8][0xffffffcd][0xffffffdb][0xffffff89][0x17][0xfffffffb]#[0xffffffb5]+p\[0xffffffd8][0xffffffc7][0xffffffd4]3Gb[0xffffff8e]a[0xffffffbf]U|[0xffffffc0]pL&[0xfffffffd][0xffffffd3][0xffffffe5]jq[0xffffffbd][0xffffff9a][0xffffffde]|[0xfffffffa]2[0xffffff9f][0xffffffad]?[0xffffffa0][0x9]B[0xffffffa7][0x8]]s[0x1e]F[0x4][0xffffffa1][0xffffff8c][0x2][0xffffffa1][0xffffffe9]n[0x17]QOI[0xffffffe3][0xc][0xffffffa1][0xffffff9c]H![0xfffffff7]!$[0x9][0xffffffdc][0xffffffe7]g[0xffffffe1]<[0xffffffe0](m[0xffffffd7]3~[0xffffff81][0xffffff9e][0xffffffb3][0x1f][0xffffffef][0xffffffdf][0xffffff9d][0xffffffbf][0xffffffa6][0xffffffa8][0xffffff8b]g[0xffffff8a][0xffffff9a]/[0xffffffdc][0xffffffe9]|[0xffffffba]\~[0xffffff9c][0xffffffde]N_S[0xffffffcf][0xffffffe5]d5[0xffffffbb][0xffffff86]ow[0xffffffb3][0xffffffd5]O[0xfffffff8][0xfffffffc][0xffffffd5][0xffffffbd]Ck[0x1e]${,H[0xffffffc1][0xffffff96][0xffffff93]][0xffffffcd][0xffffffaf][0x8][0xfffffff6][0xc]^[0xffffffe1][0xffffffc5]^[0x13]4[0xffffffd2][0xffffff8e][0xffffffd1]>pR)[0xffffff9c][\r]eNh0[0xffffff86][0xffffffd9]:[0xc][0xffffff87]E[0xffffffa6]=q<i[0xffffff8b]o&[0xffffffc4][0xffffffd8]3<[0xffffff95][0x13][0xffffff90]N&8w[0xffffffe9][0x8][0xffffffef]v[0xffffff8e][0xffffffab][0xffffffbe]>es[0xffffffe9]([0x13]/[0xffffffd6][0xfffffff5][0xffffff80]*[0xffffffba][0xfffffff2]v[0xfffffffe][0xffffffd9][0xffffff94]DA6>[0xffffff8e][0xffffffbb]o[0xfffffff8]o[0x1a]E[0xffffffb8] A[0xffffffa8]@?T[0xffffffad]'*:{[0xfffffffa]xR.*[0xffffffce][0xffffffe9][0xffffffd7][0xffffffad][0xffffff93][0xffffff93]4[0xffffffc9][0xfffffffa][0xffffffda]<n*t[0xffffffeb][0xffffffb9]oV[0xffffffb6][0xffffffc0]/M[0xffffff94]O[0xffffffc0][0xfffffff0][0xffffffe1]i[0xffffff90][0xffffffb5][0xfffffffe]9[0xffffff8b][0xffffffad][0xfffffff2]U,Ul[0xffffffdd][0x13]KL[0xffffffa2][0x6][0xffffffdd][0xffffffca]\?`[0xffffffea][0x9].[0xffffffd5]I [0xffffffa4]i[0x1a]_i,[\r][0xffffffdd][0xffffffa1][0xffffffc3][0xffffffae]kzI[0xffffffd1]_Q[0xffffffce]Ek[0xffffffcb][0xfffffff8]Kf[0xffffffb8][0xfffffffe][0xffffffd9]3[0xc][0xffffffe6][0xffffffd3][0xffffff8e][0x11][0x17][0x10]C[0x1d]`i[0x19][0xffffffd5][0xffffffbc][0xfffffff1][0xffffffa4]5[0xffffffbc][0x1e]o[0xfffffff5]K[0xffffffa9][0xffffffd6][0xfffffff8][0xffffffc1]f[0xffffff9b]z[0x4][0xffffffd4][0x1a][0xffffff86][0xffffffb9]^K[0x16]s[0xffffff91][0xfffffffe][0xffffffbf][0xffffff8b]l]~)x(p,[0x11]2[0x14][0x8]E8e[0xffffff9e][0xffffffca]:X[0xffffffa6][0xffffff86][0xffffff88].[0xffffffb6]9[0xffffff9a][0xffffff88].[0xfffffff7]]G[0xffffffea][0xffffffcb][0xe][0xfffffffb][0x7f].u[0xffffff83][0xffffffbb][0xfffffff4][0xffffffb3][0x19][0xffffffda][0xffffffec][0xffffff98][0xffffffc5]Y[0xfffffffd]h8m6\4[0xffffffc1][0xffffff8a][0xffffffb7][0xffffff98]z[0xffffffd0][0xffffffd5]oF5q[0x1c][0x13][0x16][0xfffffff0][0x1d][0x1e][0x19]5-[0xffffff9d][0xffffffef][0xffffffad]c[0xb]z[0xffffffae]/m[0xffffffe6]8[0xffffffb6][0xffffff96][0xfffffff6]7X[0xffffffc9]t[0xfffffff8][0xfffffff9][0xffffffa5][0x11]K[0xfffffffb][0x15]3[0xffffffc3][0xfffffffc][0x1f]B[0xffffffdb][0xffffffd3][0xffffffab][0xffffff92]4.[0xffffff93]Z[0xffffffdf]]:[0xffffffda][0xffffffea][0xffffffdc]B[0xffffffa6][0xffffffcd][0xffffffbc][0xffffffae][0x5][0xfffffff5][0x4][0xffffffd6]8[0xffffffc0][0xffffff82][0xffffff96][0xfffffff0][0xffffffd2][0xc][0xffffffed][0xffffffe0]Y[0xffffffa8][\r]:[[0xffffffa9][0x0][0xffffffff][0x1][0xfffffff8][0x15][0xffffffb4][0xffffffee][0xffffff8e][\r][0x0][0x0]"
14:55:25.071 [main] DEBUG org.apache.hc.client5.http.impl.classic.InternalHttpClient - ep-0000000001 releasing valid endpoint
14:55:25.071 [main] DEBUG org.apache.hc.client5.http.impl.io.PoolingHttpClientConnectionManager - ep-0000000001 releasing endpoint
14:55:25.071 [main] DEBUG org.apache.hc.client5.http.impl.io.PoolingHttpClientConnectionManager - ep-0000000001 connection http-outgoing-0 can be kept alive for 3 MINUTES
14:55:25.072 [main] DEBUG org.apache.hc.client5.http.impl.io.PoolingHttpClientConnectionManager - ep-0000000001 connection released [route: {s}->https://raw.githubusercontent.com:443][total available: 1; route allocated: 1 of 5; total allocated: 1 of 25]
14:55:25.072 [main] DEBUG io.github.bonigarcia.wdm.versions.VersionDetector - Detecting chrome version using online commands.properties
14:55:25.077 [main] DEBUG io.github.bonigarcia.wdm.versions.Shell - Running command on the shell: [cmd.exe, /C, wmic, datafile, where, name="%PROGRAMFILES:\=\\%\\Google\\Chrome\\Application\\chrome.exe", get, Version, /value]
14:55:25.262 [main] DEBUG io.github.bonigarcia.wdm.versions.Shell - Result: Version=126.0.6478.185
14:55:25.264 [main] DEBUG io.github.bonigarcia.wdm.cache.ResolutionCache - Removing resolution chrome126=126.0.6478.182 from cache (expired on Sun Jul 28 11:58:32 ICT 2024)
14:55:25.267 [main] DEBUG org.apache.hc.client5.http.impl.classic.InternalHttpClient - ex-0000000002 preparing request execution
14:55:25.267 [main] DEBUG org.apache.hc.client5.http.impl.classic.ProtocolExec - ex-0000000002 target auth state: UNCHALLENGED
14:55:25.267 [main] DEBUG org.apache.hc.client5.http.impl.classic.ProtocolExec - ex-0000000002 proxy auth state: UNCHALLENGED
14:55:25.267 [main] DEBUG org.apache.hc.client5.http.impl.classic.ConnectExec - ex-0000000002 acquiring connection with route {s}->https://googlechromelabs.github.io:443
14:55:25.267 [main] DEBUG org.apache.hc.client5.http.impl.classic.InternalHttpClient - ex-0000000002 acquiring endpoint (3 MINUTES)
14:55:25.268 [main] DEBUG org.apache.hc.client5.http.impl.io.PoolingHttpClientConnectionManager - ex-0000000002 endpoint lease request (3 MINUTES) [route: {s}->https://googlechromelabs.github.io:443][total available: 1; route allocated: 0 of 5; total allocated: 1 of 25]
14:55:25.268 [main] DEBUG org.apache.hc.client5.http.impl.io.PoolingHttpClientConnectionManager - ex-0000000002 endpoint leased [route: {s}->https://googlechromelabs.github.io:443][total available: 1; route allocated: 1 of 5; total allocated: 2 of 25]
14:55:25.268 [main] DEBUG org.apache.hc.client5.http.impl.io.PoolingHttpClientConnectionManager - ex-0000000002 acquired ep-0000000002
14:55:25.268 [main] DEBUG org.apache.hc.client5.http.impl.classic.InternalHttpClient - ex-0000000002 acquired endpoint ep-0000000002
14:55:25.268 [main] DEBUG org.apache.hc.client5.http.impl.classic.ConnectExec - ex-0000000002 opening connection {s}->https://googlechromelabs.github.io:443
14:55:25.268 [main] DEBUG org.apache.hc.client5.http.impl.classic.InternalHttpClient - ep-0000000002 connecting endpoint (null)
14:55:25.268 [main] DEBUG org.apache.hc.client5.http.impl.io.PoolingHttpClientConnectionManager - ep-0000000002 connecting endpoint to https://googlechromelabs.github.io:443 (30 SECONDS)
14:55:25.268 [main] DEBUG org.apache.hc.client5.http.impl.io.DefaultHttpClientConnectionOperator - googlechromelabs.github.io resolving remote address
14:55:25.317 [main] DEBUG org.apache.hc.client5.http.impl.io.DefaultHttpClientConnectionOperator - googlechromelabs.github.io resolved to [googlechromelabs.github.io/185.199.108.153, googlechromelabs.github.io/185.199.111.153, googlechromelabs.github.io/185.199.110.153, googlechromelabs.github.io/185.199.109.153, googlechromelabs.github.io/2606:50c0:8000:0:0:0:0:153, googlechromelabs.github.io/2606:50c0:8001:0:0:0:0:153, googlechromelabs.github.io/2606:50c0:8002:0:0:0:0:153, googlechromelabs.github.io/2606:50c0:8003:0:0:0:0:153]
14:55:25.318 [main] DEBUG org.apache.hc.client5.http.impl.io.DefaultHttpClientConnectionOperator - googlechromelabs.github.io:443 connecting null->googlechromelabs.github.io/185.199.108.153:443 (30 SECONDS)
14:55:25.318 [main] DEBUG org.apache.hc.client5.http.ssl.SSLConnectionSocketFactory - Connecting socket to googlechromelabs.github.io/185.199.108.153:443 with timeout 30 SECONDS
14:55:25.356 [main] DEBUG org.apache.hc.client5.http.ssl.SSLConnectionSocketFactory - Enabled protocols: [TLSv1.3, TLSv1.2]
14:55:25.356 [main] DEBUG org.apache.hc.client5.http.ssl.SSLConnectionSocketFactory - Enabled cipher suites: [TLS_AES_256_GCM_SHA384, TLS_AES_128_GCM_SHA256, TLS_CHACHA20_POLY1305_SHA256, TLS_ECDHE_ECDSA_WITH_AES_256_GCM_SHA384, TLS_ECDHE_ECDSA_WITH_AES_128_GCM_SHA256, TLS_ECDHE_ECDSA_WITH_CHACHA20_POLY1305_SHA256, TLS_ECDHE_RSA_WITH_AES_256_GCM_SHA384, TLS_ECDHE_RSA_WITH_CHACHA20_POLY1305_SHA256, TLS_ECDHE_RSA_WITH_AES_128_GCM_SHA256, TLS_DHE_RSA_WITH_AES_256_GCM_SHA384, TLS_DHE_RSA_WITH_CHACHA20_POLY1305_SHA256, TLS_DHE_DSS_WITH_AES_256_GCM_SHA384, TLS_DHE_RSA_WITH_AES_128_GCM_SHA256, TLS_DHE_DSS_WITH_AES_128_GCM_SHA256, TLS_ECDHE_ECDSA_WITH_AES_256_CBC_SHA384, TLS_ECDHE_RSA_WITH_AES_256_CBC_SHA384, TLS_ECDHE_ECDSA_WITH_AES_128_CBC_SHA256, TLS_ECDHE_RSA_WITH_AES_128_CBC_SHA256, TLS_DHE_RSA_WITH_AES_256_CBC_SHA256, TLS_DHE_DSS_WITH_AES_256_CBC_SHA256, TLS_DHE_RSA_WITH_AES_128_CBC_SHA256, TLS_DHE_DSS_WITH_AES_128_CBC_SHA256, TLS_ECDH_ECDSA_WITH_AES_256_GCM_SHA384, TLS_ECDH_RSA_WITH_AES_256_GCM_SHA384, TLS_ECDH_ECDSA_WITH_AES_128_GCM_SHA256, TLS_ECDH_RSA_WITH_AES_128_GCM_SHA256, TLS_ECDH_ECDSA_WITH_AES_256_CBC_SHA384, TLS_ECDH_RSA_WITH_AES_256_CBC_SHA384, TLS_ECDH_ECDSA_WITH_AES_128_CBC_SHA256, TLS_ECDH_RSA_WITH_AES_128_CBC_SHA256, TLS_ECDHE_ECDSA_WITH_AES_256_CBC_SHA, TLS_ECDHE_RSA_WITH_AES_256_CBC_SHA, TLS_ECDHE_ECDSA_WITH_AES_128_CBC_SHA, TLS_ECDHE_RSA_WITH_AES_128_CBC_SHA, TLS_DHE_RSA_WITH_AES_256_CBC_SHA, TLS_DHE_DSS_WITH_AES_256_CBC_SHA, TLS_DHE_RSA_WITH_AES_128_CBC_SHA, TLS_DHE_DSS_WITH_AES_128_CBC_SHA, TLS_ECDH_ECDSA_WITH_AES_256_CBC_SHA, TLS_ECDH_RSA_WITH_AES_256_CBC_SHA, TLS_ECDH_ECDSA_WITH_AES_128_CBC_SHA, TLS_ECDH_RSA_WITH_AES_128_CBC_SHA, TLS_RSA_WITH_AES_256_GCM_SHA384, TLS_RSA_WITH_AES_128_GCM_SHA256, TLS_RSA_WITH_AES_256_CBC_SHA256, TLS_RSA_WITH_AES_128_CBC_SHA256, TLS_RSA_WITH_AES_256_CBC_SHA, TLS_RSA_WITH_AES_128_CBC_SHA, TLS_EMPTY_RENEGOTIATION_INFO_SCSV]
14:55:25.356 [main] DEBUG org.apache.hc.client5.http.ssl.SSLConnectionSocketFactory - Starting handshake (null)
14:55:25.408 [main] DEBUG org.apache.hc.client5.http.ssl.SSLConnectionSocketFactory - Secure session established
14:55:25.408 [main] DEBUG org.apache.hc.client5.http.ssl.SSLConnectionSocketFactory -  negotiated protocol: TLSv1.3
14:55:25.408 [main] DEBUG org.apache.hc.client5.http.ssl.SSLConnectionSocketFactory -  negotiated cipher suite: TLS_AES_128_GCM_SHA256
14:55:25.408 [main] DEBUG org.apache.hc.client5.http.ssl.SSLConnectionSocketFactory -  peer principal: CN=*.github.io, O="GitHub, Inc.", L=San Francisco, ST=California, C=US
14:55:25.408 [main] DEBUG org.apache.hc.client5.http.ssl.SSLConnectionSocketFactory -  peer alternative names: [*.github.io, github.io, githubusercontent.com, www.github.com, *.github.com, *.githubusercontent.com, github.com]
14:55:25.408 [main] DEBUG org.apache.hc.client5.http.ssl.SSLConnectionSocketFactory -  issuer principal: CN=DigiCert Global G2 TLS RSA SHA256 2020 CA1, O=DigiCert Inc, C=US
14:55:25.408 [main] DEBUG org.apache.hc.client5.http.impl.io.DefaultManagedHttpClientConnection - http-outgoing-1 set socket timeout to 3 MINUTES
14:55:25.408 [main] DEBUG org.apache.hc.client5.http.impl.io.DefaultHttpClientConnectionOperator - googlechromelabs.github.io:443 connected null->googlechromelabs.github.io/185.199.108.153:443 as http-outgoing-1
14:55:25.408 [main] DEBUG org.apache.hc.client5.http.impl.io.PoolingHttpClientConnectionManager - ep-0000000002 connected http-outgoing-1
14:55:25.408 [main] DEBUG org.apache.hc.client5.http.impl.classic.InternalHttpClient - ep-0000000002 endpoint connected
14:55:25.408 [main] DEBUG org.apache.hc.client5.http.impl.classic.MainClientExec - ex-0000000002 executing GET /chrome-for-testing/known-good-versions-with-downloads.json HTTP/1.1
14:55:25.408 [main] DEBUG org.apache.hc.client5.http.protocol.RequestAddCookies - ex-0000000002 Cookie spec selected: strict
14:55:25.409 [main] DEBUG org.apache.hc.client5.http.impl.classic.InternalHttpClient - ep-0000000002 start execution ex-0000000002
14:55:25.409 [main] DEBUG org.apache.hc.client5.http.impl.io.PoolingHttpClientConnectionManager - ep-0000000002 executing exchange ex-0000000002 over http-outgoing-1
14:55:25.409 [main] DEBUG org.apache.hc.client5.http.headers - http-outgoing-1 >> GET /chrome-for-testing/known-good-versions-with-downloads.json HTTP/1.1
14:55:25.409 [main] DEBUG org.apache.hc.client5.http.headers - http-outgoing-1 >> user-agent: Apache-HttpClient/5.0
14:55:25.409 [main] DEBUG org.apache.hc.client5.http.headers - http-outgoing-1 >> accept-encoding: gzip, deflate, br
14:55:25.409 [main] DEBUG org.apache.hc.client5.http.headers - http-outgoing-1 >> cache-control: max-age=0
14:55:25.409 [main] DEBUG org.apache.hc.client5.http.headers - http-outgoing-1 >> connection: keep-alive
14:55:25.409 [main] DEBUG org.apache.hc.client5.http.headers - http-outgoing-1 >> Host: googlechromelabs.github.io
14:55:25.409 [main] DEBUG org.apache.hc.client5.http.wire - http-outgoing-1 >> "GET /chrome-for-testing/known-good-versions-with-downloads.json HTTP/1.1[\r][\n]"
14:55:25.409 [main] DEBUG org.apache.hc.client5.http.wire - http-outgoing-1 >> "user-agent: Apache-HttpClient/5.0[\r][\n]"
14:55:25.410 [main] DEBUG org.apache.hc.client5.http.wire - http-outgoing-1 >> "accept-encoding: gzip, deflate, br[\r][\n]"
14:55:25.410 [main] DEBUG org.apache.hc.client5.http.wire - http-outgoing-1 >> "cache-control: max-age=0[\r][\n]"
14:55:25.410 [main] DEBUG org.apache.hc.client5.http.wire - http-outgoing-1 >> "connection: keep-alive[\r][\n]"
14:55:25.410 [main] DEBUG org.apache.hc.client5.http.wire - http-outgoing-1 >> "Host: googlechromelabs.github.io[\r][\n]"
14:55:25.410 [main] DEBUG org.apache.hc.client5.http.wire - http-outgoing-1 >> "[\r][\n]"
14:55:25.460 [main] DEBUG org.apache.hc.client5.http.wire - http-outgoing-1 << "HTTP/1.1 200 OK[\r][\n]"
14:55:25.460 [main] DEBUG org.apache.hc.client5.http.wire - http-outgoing-1 << "Connection: keep-alive[\r][\n]"
14:55:25.460 [main] DEBUG org.apache.hc.client5.http.wire - http-outgoing-1 << "Content-Length: 50214[\r][\n]"
14:55:25.461 [main] DEBUG org.apache.hc.client5.http.wire - http-outgoing-1 << "Server: GitHub.com[\r][\n]"
14:55:25.461 [main] DEBUG org.apache.hc.client5.http.wire - http-outgoing-1 << "Content-Type: application/json; charset=utf-8[\r][\n]"
14:55:25.461 [main] DEBUG org.apache.hc.client5.http.wire - http-outgoing-1 << "permissions-policy: interest-cohort=()[\r][\n]"
14:55:25.461 [main] DEBUG org.apache.hc.client5.http.wire - http-outgoing-1 << "x-origin-cache: HIT[\r][\n]"
14:55:25.461 [main] DEBUG org.apache.hc.client5.http.wire - http-outgoing-1 << "Last-Modified: Sun, 28 Jul 2024 07:09:32 GMT[\r][\n]"
14:55:25.461 [main] DEBUG org.apache.hc.client5.http.wire - http-outgoing-1 << "Access-Control-Allow-Origin: *[\r][\n]"
14:55:25.461 [main] DEBUG org.apache.hc.client5.http.wire - http-outgoing-1 << "Strict-Transport-Security: max-age=31556952[\r][\n]"
14:55:25.461 [main] DEBUG org.apache.hc.client5.http.wire - http-outgoing-1 << "ETag: W/"66a5eeac-17bcbb"[\r][\n]"
14:55:25.461 [main] DEBUG org.apache.hc.client5.http.wire - http-outgoing-1 << "expires: Sun, 28 Jul 2024 07:19:34 GMT[\r][\n]"
14:55:25.462 [main] DEBUG org.apache.hc.client5.http.wire - http-outgoing-1 << "Cache-Control: max-age=600[\r][\n]"
14:55:25.462 [main] DEBUG org.apache.hc.client5.http.wire - http-outgoing-1 << "Content-Encoding: gzip[\r][\n]"
14:55:25.462 [main] DEBUG org.apache.hc.client5.http.wire - http-outgoing-1 << "x-proxy-cache: HIT[\r][\n]"
14:55:25.462 [main] DEBUG org.apache.hc.client5.http.wire - http-outgoing-1 << "X-GitHub-Request-Id: 644C:23B12:4BDE7:51DE1:66A5EF70[\r][\n]"
14:55:25.462 [main] DEBUG org.apache.hc.client5.http.wire - http-outgoing-1 << "Accept-Ranges: bytes[\r][\n]"
14:55:25.462 [main] DEBUG org.apache.hc.client5.http.wire - http-outgoing-1 << "Date: Sun, 28 Jul 2024 07:55:26 GMT[\r][\n]"
14:55:25.462 [main] DEBUG org.apache.hc.client5.http.wire - http-outgoing-1 << "Via: 1.1 varnish[\r][\n]"
14:55:25.462 [main] DEBUG org.apache.hc.client5.http.wire - http-outgoing-1 << "Age: 105[\r][\n]"
14:55:25.462 [main] DEBUG org.apache.hc.client5.http.wire - http-outgoing-1 << "X-Served-By: cache-hkg17924-HKG[\r][\n]"
14:55:25.462 [main] DEBUG org.apache.hc.client5.http.wire - http-outgoing-1 << "X-Cache: HIT[\r][\n]"
14:55:25.463 [main] DEBUG org.apache.hc.client5.http.wire - http-outgoing-1 << "X-Cache-Hits: 1[\r][\n]"
14:55:25.463 [main] DEBUG org.apache.hc.client5.http.wire - http-outgoing-1 << "X-Timer: S1722153326.115843,VS0,VE1[\r][\n]"
14:55:25.463 [main] DEBUG org.apache.hc.client5.http.wire - http-outgoing-1 << "Vary: Accept-Encoding[\r][\n]"
14:55:25.463 [main] DEBUG org.apache.hc.client5.http.wire - http-outgoing-1 << "X-Fastly-Request-ID: 3117f45ce54291be0723c7a1ebec021cb17bcf87[\r][\n]"
14:55:25.463 [main] DEBUG org.apache.hc.client5.http.wire - http-outgoing-1 << "[\r][\n]"
14:55:25.463 [main] DEBUG org.apache.hc.client5.http.headers - http-outgoing-1 << HTTP/1.1 200 OK
14:55:25.464 [main] DEBUG org.apache.hc.client5.http.headers - http-outgoing-1 << Connection: keep-alive
14:55:25.464 [main] DEBUG org.apache.hc.client5.http.headers - http-outgoing-1 << Content-Length: 50214
14:55:25.464 [main] DEBUG org.apache.hc.client5.http.headers - http-outgoing-1 << Server: GitHub.com
14:55:25.464 [main] DEBUG org.apache.hc.client5.http.headers - http-outgoing-1 << Content-Type: application/json; charset=utf-8
14:55:25.464 [main] DEBUG org.apache.hc.client5.http.headers - http-outgoing-1 << permissions-policy: interest-cohort=()
14:55:25.464 [main] DEBUG org.apache.hc.client5.http.headers - http-outgoing-1 << x-origin-cache: HIT
14:55:25.464 [main] DEBUG org.apache.hc.client5.http.headers - http-outgoing-1 << Last-Modified: Sun, 28 Jul 2024 07:09:32 GMT
14:55:25.464 [main] DEBUG org.apache.hc.client5.http.headers - http-outgoing-1 << Access-Control-Allow-Origin: *
14:55:25.464 [main] DEBUG org.apache.hc.client5.http.headers - http-outgoing-1 << Strict-Transport-Security: max-age=31556952
14:55:25.464 [main] DEBUG org.apache.hc.client5.http.headers - http-outgoing-1 << ETag: W/"66a5eeac-17bcbb"
14:55:25.464 [main] DEBUG org.apache.hc.client5.http.headers - http-outgoing-1 << expires: Sun, 28 Jul 2024 07:19:34 GMT
14:55:25.465 [main] DEBUG org.apache.hc.client5.http.headers - http-outgoing-1 << Cache-Control: max-age=600
14:55:25.465 [main] DEBUG org.apache.hc.client5.http.headers - http-outgoing-1 << Content-Encoding: gzip
14:55:25.465 [main] DEBUG org.apache.hc.client5.http.headers - http-outgoing-1 << x-proxy-cache: HIT
14:55:25.465 [main] DEBUG org.apache.hc.client5.http.headers - http-outgoing-1 << X-GitHub-Request-Id: 644C:23B12:4BDE7:51DE1:66A5EF70
14:55:25.465 [main] DEBUG org.apache.hc.client5.http.headers - http-outgoing-1 << Accept-Ranges: bytes
14:55:25.465 [main] DEBUG org.apache.hc.client5.http.headers - http-outgoing-1 << Date: Sun, 28 Jul 2024 07:55:26 GMT
14:55:25.465 [main] DEBUG org.apache.hc.client5.http.headers - http-outgoing-1 << Via: 1.1 varnish
14:55:25.465 [main] DEBUG org.apache.hc.client5.http.headers - http-outgoing-1 << Age: 105
14:55:25.465 [main] DEBUG org.apache.hc.client5.http.headers - http-outgoing-1 << X-Served-By: cache-hkg17924-HKG
14:55:25.465 [main] DEBUG org.apache.hc.client5.http.headers - http-outgoing-1 << X-Cache: HIT
14:55:25.466 [main] DEBUG org.apache.hc.client5.http.headers - http-outgoing-1 << X-Cache-Hits: 1
14:55:25.466 [main] DEBUG org.apache.hc.client5.http.headers - http-outgoing-1 << X-Timer: S1722153326.115843,VS0,VE1
14:55:25.466 [main] DEBUG org.apache.hc.client5.http.headers - http-outgoing-1 << Vary: Accept-Encoding
14:55:25.466 [main] DEBUG org.apache.hc.client5.http.headers - http-outgoing-1 << X-Fastly-Request-ID: 3117f45ce54291be0723c7a1ebec021cb17bcf87
14:55:25.466 [main] DEBUG org.apache.hc.client5.http.impl.classic.MainClientExec - ex-0000000002 connection can be kept alive for 3 MINUTES
14:55:25.469 [main] DEBUG org.apache.hc.client5.http.wire - http-outgoing-1 << "[0x1f][0xffffff8b][0x8][0x0][0x0][0x0][0x0][0x0][0x0][0x3][0xffffffcc][0xffffffbd][0xffffffdd][0xffffff8e],Iv^[0xfffffff9].}[0xffffffad].[0xffffff86][0xffffffdb][0xffffff9f][0xffffff9b][0xfffffff1]9t5[0xffffff83][0xffffffb9][0xffffffe8]!{[0xffffffc8][0x6][0xffffff9a]l[0xffffffa2][0xffffff9b][0xffffff92][0x6]#[0xffffffe8][0xffffffdd]'22[0xffffffcf][0xffffffc9],[0xffffffdb]_[0x1c]U[0xfffffff8]i[0xffffffec][0xfffffff5]A[0x10][0x4][0xffffff8a][0xffffff9d][0xffffffe5]Fbaa[0xffffff95][0xffffff87][0xffffffed][0xffffffed][0xffffffff][0xfffffff3]w[0xffffffff][0xfffffff9][0xffffffa7][0x7f][0xfffffffb][0xffffffe3][0xffffffdf][0xfffffffe][0xfffffff3][0xf][0xffffffff][0xfffffff6][0x1f][0xffffffbf][0xfffffffb][0xffffffc7][0xffffffdf][0xffffff95][i[0xffffffbf][0xffffffbf][0xffffff9d][0xffffffbf]/[0xffffffe7][0x7f][0xffffffbd][0xffffffcd][0x7f][0xffffffbc][0xffffffad][0x7f],[0xffffffeb][0xffffff97]q[0xffffff94][0xffffffff][0xffffffe3]w[0xffffffff][0xffffffe5]w[0xffffffff][0xfffffffd][0xffffff8f][0x7f][0xfffffffd][0xffffffdb][0xffffff9f][0xfffffffe][0xfffffff2][0xffffffef][0x7f][0xfffffffb][0xffffffdd]?[0xfffffffe][0xffffff9f][0xffffffff][0xfffffff3][0xffffffdb][0x7f]q[0xffffffff][0xffffff8b][0xffffffe3][0xffffffa8][0xffffffbf][0xffffffdc]~[0xffffffe9][0xffffffe3],[0xffffffbf][0xffffffdc][0xffffffee][0xffffffff][0xffffffa9][0xffffffbf][0xfffffffe][0xfffffff1][0xffffffbf][0xffffffff][0xffffffe9][0xfffffffb][0x7f][0xffffffa7][0x1c][0xffffffad][0xfffffff7][0xfffffffb][0xffffffff][0xffffffe7]?[0xffffffff][0xffffffe5][0x7f][0xfffffffc][0xfffffffb][0xffffff9f][0xffffffff][0xfffffff2][0xffffff87][0x7f][0xffffffbe][0xffffffff][0xffffffed][0xffffffff][0xfffffffc][0xffffffdd]?[0xfffffffd][0xffffffeb]_[0xffffffff][0xfffffff2]o[0x7f]|[0xfffffffc]S[0xfffffffe][0xffffffe3][0xffffffcf][0x7f][0xfffffff8][0xffffffcf][0xffffffff][0xffffffe7]/[0x7f][0xfffffffd][0xffffffb7][0xfffffffb][0x7f][0xfffffff8][0xffffffcf][0x7f][0xfffffffa][0xfffffff7][0xffffffff][0xfffffff6][0xffffffff][0xffffff8e]v[0xffffffff][0xf][0xffffffff][0xffffffb7][0xffffffbf][0xfffffffe][0xfffffff9][0xfffffffe]_[0xffffffff][0xffffffeb][0x7f][0xfffffffe][0xffffffe7][0x7f][0xfffffffc][0xffffffed][0x1f][0xffffffff][0xffffffe1][0x1f][0xfffffffe][0xfffffff6][0xffffff9f][0x7f][0xfffffff9][0xffffffeb][0x1f][0xfffffffe][0xffffffe5][0xffffff8f][0xffffffbf][0xfffffffc][0xffffffcb]_[0xfffffffe][0xfffffff2]/[0x7f][0xfffffffe][0xffffffe3][0x1f][0xfffffffe][0xffffffe3]O[0x7f][0xfffffffb][0xffffffe5][0xffffff9f][0xfffffffe][0xfffffff2]o[0xffffffff][0xfffffff0][0xfffffffe][0xf][0xfffffff9][0xfffffffd][0xfffffffd][0xffffff8f][0x7f][0xffffffff][0xffffff9f][0xfffffff7][0xffffffc3][0xffffffff][0xffffffe9][0xffffffdf][0xffffffff][0xffffffe5][0xfffffff7][0xffffffff][0xfffffff1][0xffffffdf][0xfffffffe][0xffffffef]?[0xffffffff][0xffffffe9][0xffffff9f][0xfffffffe][0xffffffe1][0xffffffeb]y[0xfffffffe][0xffffffe1][0xffffffe3][0xffffff9f][0xfffffffa][0xffffffed]?[0xfffffffe][0xfffffff1]_[0xfffffffe][0xfffffff2][0xffffffff][0xfffffffd][0xffffffe9]?~[0xfffffff7][0xffffffbf][0xfffffffe][0xffffffcb][0xffffffaf][0xffffff9e][0xffffffff]o[0x7f][0xfffffff8][0xffffffa7][0xffffffdf][0xffffffff][0xffffffe1][0xffffffaf][0xffffffff][0xfffffff6]w?[0xffffffc1][0xfffffff7][0x7f][0xffffffee][0xffffffb7]?[0xfffffff8][0xfffffffe][0xffffffff][0xfffffff1][0xffffffec][0x14][0x7f][0xffffffff][0xffffffff]-|[0xfffffffc]S[0xffffffbf][0xffffff9e][0xffffffe0][0xffffffc9][0xffffffff][0x16][0xfffffffe][0xffffffc7][0xffffff9f][0xfffffffe][0xffffffbd][0xffffff96][0xffffffbf][0xfffffff3][0xffffffd3][0x1f][0xffffffff][0xffffffcc]o[0xffffffff][0xffffffe1][0xffffffc7][0x7f][0xfffffff1][0xffffffe4][0xffffffc9][0x7f][0xfffffff7][0xffffffff][0xffffffb9][0x1f][0xffffffff][0xffffffcc]/O[0xfffffffe][0xfffffff6]?[0xfffffff3][0xffffffff][0xfffffff5][0xffffffbf][0xffffffde][0x1e].[0x11][0xffffffae][0xffffffdd][0xffffff8c][0xffffffe1][0xffffffda]q[0xffffff88][0xffffffef]G[0xffffffe0])[0xfffffffe]8[0x4][0xffffff85][0xfffffff1][0xfffffffd][0xfffffff1][0x14][0xffffffc7][0xffffffef][0xffffff8f]~[0x15][0xffffffe4]Q[0xffffffcd]@[0x1e][0x15][0x7][0xfffffff9]~[0x4][0x1e][0xffffffe4][0xffffff8f]CP [0xffffffdf][0x1f]O[0xffffff81][0xfffffffc][0xfffffffe][0xffffffe8][0xffffffdf][0x8]r{[0xfffffffc][0xffffffd5][0x1a]"*F[0x19]+[0xffffff9d][0xffffffe3][0xffffffcf][0xfffffff3]P[0x18][0x7f]9[0x1]F[0xfffffff1]v[0xffffff86]d[0xffffff88][0xffffffbf]<=[0xffffff99][0xffffffe1]_?[0xfffffff9][0x15][0xffffff84][0xffffffcf][0xffffffdb][0x14][0x8][0xffffffcf][0xffffffda][0xf][0x6][0xffffffe1][0xffffffc7]yP[0xffffff84][0xffffffdf]O[0xffffffc0]"[0xfffffffc]y[0x6][0x2][0xffffffe1][0xfffffff7][0xffffffa7][0x13][0x8][0x7f][0x7f][0xfffffff2]k[0x8]/[0xffffff85]po[0xffffff8d]Bx[0xffffffe1][0x8]/[0x3][0xffffff84][0x17][0xffffff8a][0xfffffff0][0xffffffc2][0x10]^[0x17][0x10]>n[\n]"
14:55:25.469 [main] DEBUG org.apache.hc.client5.http.wire - http-outgoing-1 << "[0xffffffe1]Y'[0xffffff84][0xfffffff0][0xffffffdb]yX[0xffffff84][0x1f]'[0xffffff80][0x11][0xfffffffe]~[0x6][0x4][0xffffffe1][0xffffffc7][0xffffffd3][0x11][0xffffff84][0xffffffbf]=[0xfffffff9]5[0xffffff84][0xffffff8f]_[0xffffffe2][0xffffffbf][0xffffffd3][0xffffffad]c[0xffffffdc]([0xffffff84][0xffffffef][0xffffffe7][0xffffff81][0x11]~;[0x1][0xffffff8d][0xfffffff0][0xffffffb7]30[0x8][0xffffffbf]=[0xffffff9d]A[0xfffffff8][0xffffffe3][0xffffffc9][0xffffffaf]!\[0xffffff85][0xffffff85][0xffffffd7]9[0xffffffa8][0xffffff90]x;[0xf][0xffffff8c]p5[0xffffffb0]pE-\1[0xb][0xffffffd7]+[0x16][0xffffffee][0x11][0xffffffe1]z[0xffffffab][0xffffffb3]R[0x8]w[0x1c][0xffffffe1]n[0xffffff80]pG[0x11][0xffffffee][0x18][0xffffffc2][0xfffffffd][\n]"
14:55:25.469 [main] DEBUG org.apache.hc.client5.http.wire - http-outgoing-1 << "[0xffffffc2][0xffffffe2][0xffffff8d]D=[\n]"
14:55:25.469 [main] DEBUG org.apache.hc.client5.http.wire - http-outgoing-1 << "[0xfffffff0]r[0xfffffff8][0xfffffff3]<0[0xffffffc2][0x6]o$[0xe][0xfffffff4][0xffffff8d][0xffffffc4][0xffffff81][0xffffffbd][0xffffff91]8[0xffffffae][0xffffffbc][0xffffff91]([0xffffffb7]_ZDx[0xffffffde][0x6][0xffffff84][0xfffffff0][0xffffffdb]yX[0xffffff84][0x1f]'[0xffffff80][0x11][0xfffffffe]~[0x6][0x4][0xffffffe1][0xffffffc7][0xffffffd3][0x11][0xffffff84][0xffffffbf]=[0xfffffff9]5[0xffffff84][0xffffffc5]}[0xffffff89]Z[0x1a][0xffffff87]0x_[0xffffffe2][0xffffffcb][0x9]h[0xffffff84][0xffffffa1][0xfffffffb][0x12]_[0xffffff9e][0xffffffce] [0xfffffffc][0xffffffda]}[0xffffff89][0xffffff8f]?j[0x2][0xffffffe1]z;[0xffffffa8]7[0x12]o[0xffffffe7][0xffffff81][0x11]n[0x6][0x8]7[0x14][0xffffffe1][0xffffff86]![0xffffffdc][0xffffffae] [0xffffffac]Z[0xffffffb8][0xffffff95][0xffffff83][0xfffffffa]u[0xffffffae][0xffffffe0]-\[0xc]Z[0xffffffb8][0xffffffa0]-\[0xffffffb0][0x16].WZ[0xffffffb8][0xffffffaa][0xffffff90]hm[0x15][0x8][0xffffffe1][0xffffff8a][0xffffff87]D5[0x8][0xffffff89][0xffffff8a][0xffffff86]D[0xffffffc5]B[0xffffffa2]^[0x9][0xffffff89]*[0xffffffde][0xb][0xffffffd7]6O[0xffffffea][0xffffff8d]D[0xffffffc5][0xffffffdf][0xb]W[0xffffff83][0xfffffff7][0xffffffc2][0x15]}/\[0xffffffb1][0xfffffff7][0xffffffc2][0xfffffff5][0xffffffca]{[0xffffffe1][0xffffffaa]Z[0xffffffb8][0x1f]7[0xc]a[0xffffffbc][0xffffff85][0xffffffab]A[0xb][0x7f]?[0x3][0xffffff83]0[0xffffffd6][0xffffffc2][0xffffffdf][0xffffff9e][0xfffffffc][0x1a][0xffffffc2][0xffffffea][0xffffffa7][0xffffff8d][0xffffffde]O[0xffffffea]_[0xffffffe7]*[0xfffffffe][0xffffffd3]F5[0xfffffff8]i[0xffffffa3][0xffffffa2]?mT[0xffffffec][0xffffffa7][0xffffff8d]z[0xffffffe5][0xffffffa7][0xffffff8d][0xfffffffb][0x1f][0x15]3[0xffffff84][0xb][0xffffff8e]p1@[0xffffffb8][0xffffffa0][0x8][0x17][0xc][0xffffffe1]r[0x5][0xffffffe1]p[0xffffffcd][0x7]F[0x18][0xffffffbe][0xffffffe6][0xfffffff3]8[0x1][0xffffff8f]0x[0xffffffcd][0xffffffe7][0xfffffff1]t[\n]"
14:55:25.469 [main] DEBUG org.apache.hc.client5.http.wire - http-outgoing-1 << "[0xffffffe1][0xffffffd7][0xffffffaf][0xfffffff9][0xffffffdc][0xffffffff]h[0xffffff98]!<p[0xffffff84][0xffffff87][0x1][0xffffffc2][0x3]Ex`[0x8][0xffffff8f]+[0x8][0x1f]n[0xc][0x1f]<[0xffffffc4][0xffffff87][0x3][0xffffffc5][0x7][0xffffff8b][0xfffffff1][0xffffffc1]q|\[0x2][0xffffffb9][0xffffffb8][0xffffff81]\x[0xffffff90][0xffffff8b][0x3][0xffffffc8][0xffffff85][0x5][0xffffffb9]p [0xffffff97]K [0xffffffc7][0xffffffe1]|[0x18]dn8[0xffffffff][0xffffffeb][0x11]x[0xffffff90][0xffffff99][0xffffffe1][0xfffffffc][0xffffffaf][0xffffff8f][0xffffffa7]@~i8[0xffffffff][0xfffffffb]_57[0xffffff90][0x1b][0xf]rs[0x0][0xffffffb9][0xffffffb1] 7[0xe][0xffffffe4]v[0x9][0xffffffe4][0xffffffe5][0xfffffff6][0xffffffc2]x[0xfffffff1]o[0xffffff8c][0xffffffef]G[0xffffffe0]A[0xfffffffe]8[0x4][0x5][0xfffffff2][0xffffffe2]^[0x1a][0xffffffaf]Ko[0xffffff8d][0xffffff8f][0xffffffea][0xfffffff6][0xffffffd2][0xffffffed]~"[0x1c][0xffffffe5][0xffffffb7]3[0xfffffff0],[0x7f];[0x5][0x5][0xfffffff3][0xffffffdb][0xfffffff3])[0xffffff9a]?[0xffffff9e][0xfffffffd][0x1b]q[0xffffffee][0xffffffef][0x7f]&[0xffffffc6][0xfffffff5][0xffffffeb]y[0x1b][0xfffffff9][0x17][0xffffff82]>[0xffffffcf]C[0xffffffa1][0xfffffffc][0xffffffe5][0x4][0x18][0xffffffc8][0xffffffdb][0x19][0xffffff92]1[0xfffffffe][0xfffffff2][0xfffffff4]d[0xffffff88][0x7f][0xfffffffd][0xffffffe4][0xffffff97][0x10]nb\[0xffffffbf][0xffffff9e]u[0xffffffe6]_[0xffffffcb][0xfffffffc]<[0xf][0xffffff8b]pC[0xffffffc7][0xfffffff5][0xffffffb7]3 [0x8]7`\[0xffffffff][0xffffffd7]O~[\r][0xffffffe1]C![0xffffffdc][~R|[0xffffff9e][0x7]F[0xfffffff8]0@[0xfffffff8]@[0x11]>0[0xffffff84][0xffffff8f]+[0x8][0xffffffab][0xffffff9b][0xffffffc5]g_'[0xffffff85]0x[0xffffffb3][0xfffffff8][0xffffffcb][0x9]h[0xffffff84][0xffffffa1][0xffffff9b][0xffffffc5]_[0xffffff9e][0xffffffce] [0xfffffffc][0xffffffda][0xffffffcd][0xffffffe2][0xffffff8f]?R7[0xffffff8b][0xffffffcf][0xffffffd1][0xfffffff2][0x17][0x8]~[0xffffff9e][0x7]F[0x18][0xffffffbd]Y[0xffffffbc][0xffffff9d][0xffffff81]A[0x18][0xffffffb8]Y[0xfffffffc][0xffffffeb]'[0xffffffbf][0xffffff86]p[0xffffff93][0x8][0xffffffaf][0xfffffffc][0xffffff8d][0x13][0xffffff9f][0xffffffe7][0xffffff81][0x11]n[0x6][0x8]7[0x14][0xffffffe1][0xffffff86]![0xffffffdc][0xffffffae] |[\n]"
14:55:25.470 [main] DEBUG org.apache.hc.client5.http.wire - http-outgoing-1 << "[0xffffff84]g)XH[0xffffff9c]8[0xffffffc2][0xffffffa7][0x1][0xffffffc2]'[0xffffff8a][0xfffffff0][0xffffff89]!|^AX[0xffffffbd]T[0xffffff9b][0xffffffb3]c[0x16][0xffffffc6]_[0xffffffaa]5[0xffffff83][0xffffff97]j[\r]}[0xffffffa9][0xffffffd6][0xffffffb0][0xffffff97]j[0xffffffed][0xffffffca]K[0xffffffb5][0xffffffae]^[0xffffffaa][0xffffffad]rP[0x8]w[0xfffffffc][0xffffffa5]Z7x[0xffffffa9][0xffffffd6][0xffffffd1][0xffffff97]j[0x1d]{[0xffffffa9][0xffffffd6][0xffffffaf][0xffffffbc]T[0xffffffeb][0xffffffea][0xffffffa5][0xffffffda]j[0xffffff85]z[0xffffffa9][0xffffffd6][0xfffffff1][0xffffff97]j[0xffffffdd][0xffffffe0][0xffffffa5]ZG_[0xffffffaa]u[0xffffffec][0xffffffa5]Z[0xffffffbf][0xfffffff2]R[0xffffffed][0xfffffffe]GqD[0xffffff89]E[0x18][0x1b]Q[0xfffffffa]r[0x2][0x1e]adD[0xffffffe9][0xffffffcb][0xffffffd3])[0xffffff84]_[0x19]Q[0xfffffffa][0xfffffff8][0xffffffa3][0xffffffa2][0x10][0xffffffbe]w5[0xffffff85]p[0xffffffc1][0x11].[0x6][0x8][0x17][0x14][0xffffffe1][0xffffff82]!\[0xffffffae] "
14:55:25.470 [main] DEBUG org.apache.hc.client5.http.wire - http-outgoing-1 << ",[0xffffffde][0xb][0xffffffb7][0xffffffdb][0xffffffad][0xffffffe4]o_[0xfffffffb]<[0xf][0xffffff8c][0xffffffb0][0xffffffc1]{[0xffffffe1][0xffffff8e][0xffffffbe][0x17][0xffffffee][0xffffffd8]{[0xffffffe1]~[0xffffffe5][0xffffffbd]p[0xffffffef][\n]"
14:55:25.470 [main] DEBUG org.apache.hc.client5.http.wire - http-outgoing-1 << "[0xffffffe1][0xe]l[0xffffff9c][0xfffffff8]<[0xf][0xffffff8c]p7@[0xffffffb8][0xffffffa3][0x8]w[0xc][0xffffffe1]~[0x5]a[0xfffffff1]y[0xffffffaf];[0xffffffc2][0xffffffd8]M[0xffffffb5][0xe]~[0xffffffde][0xffffffeb][0xffffffcb][0x9]h[0xffffff84][0xffffffa1][0xffffffcf]{}y:[0xffffff83][0xfffffff0]k[0xffffff9f][0xfffffff7][0xfffffffa][0xfffffff8]#[0xfffffff1][0xffffffd3]F[0xffffffbb][\r][0xffffffce][0xffffffc2][0xfffffff8]O[0x1b][0xffffffdd][0xffffffe0][0xffffffa7][0xffffff8d][0xffffff8e][0xfffffffe][0xffffffb4][0xffffffd1][0xffffffb1][0xffffff9f]6[0xfffffffa][0xffffff95][0xffffff9f]6[0xffffffba][0xffffffd8][0xffffff81]yG[0x18][0xfffffff8][0xffffffb0][0xffffffcc][0xffffffe7]y`[0xffffff84][0xffffffd1][0x1d][0xffffff98][0xffffffdb][0x19][0x18][0xffffff84][0xffffff81][0x1d][0xffffff98][0xffffffbf]~[0xfffffff2]k[0x8][0xffffff8b]_[0xffffffe7][0xffffffda][0xffffffed]<[0xffffffa9][0xfffffffb][0xffffffc2][0x1d][0xffffffff]u[0xffffffae][0x1b][0xfffffffc]:[0xffffffd7][0xffffffd1]_[0xffffffe7]:[0xfffffff6][0xffffffeb]\[0xffffffbf][0xfffffff2][0xffffffeb][0xffffffdc][0x10]?m4[0xffffffe4][0xffffffab][0x1c][0xffffff9f][0xffffffe7]a[0x11][0x1e][0x6]?m[0xc][0xfffffff4][0xffffffa7][0xffffff8d][0xffffff81][0xfffffffd][0xffffffb4]1[0xffffffae][0xfffffffc][0xffffffb4]1[0xffffffc4]}[0xffffffe1]v[0xffffff8c]J[0xffffffbd]T[0x1b][0xfffffff8]}[0xffffffe1]ap_x[0xffffffa0][0xfffffff7][0xffffff85][0x7]v_x\[0xffffffb9]/|[0xffffffff][0xffffffa3]f[0xffffff86]0[0xfffffff6]a[0xffffff99]/'[0xffffffe0][0x11]F>,[0xfffffff3][0xffffffe5][0xffffffe9][0x14][0xffffffc2][0xffffffaf]|X[0xffffffe6][0xffffffe3][0xffffff8f][0xffffffd4]O[0x1b][0xffffffc7][0x1a]T[0xb][0xf][0xfffffffc][0xffffffa7][0xffffff8d]a[0xfffffff0][0xffffffd3][0xffffffc6]@[0x7f][0xffffffda][0x18][0xffffffd8]O[0x1b][0xffffffe3][0xffffff87]?m[0xfffffffc][0xffffff97][0xf][0x8][0xffffffff][0xfffffff9][0xffffffaf][0x7f][0xffffffba][0xffffff83]L[0xffffffa0][0xfffffff8][0xfffffffe]d[0x7] ?N[0xffffff82]c[0xfffffff9][0xffffffe5][0x1c][0x10][0xffffff9c][0x1f]'[0xffffffc0][0x10][0xfffffffd]|[0xfffffffe][0xffffffff][0xffffffd6][0xffffffb5]][0xffffffb8][0xffffffb6][0xc][0xffffffe0][0xffffffb3][0xffffffe2][0xffffff9f][0xffffffe7][0xffffff81]][0xffffffdb][\r]\[0xffffffdb][0x3][0xffffffd4][0xffffff99]8w[0xffffffcc][0xffffffb5][0xffffffdd][0xffffffc9][0xffffffb5][0x11]E[0xffffffc6][0xffffffb5][\n]"
14:55:25.470 [main] DEBUG org.apache.hc.client5.http.wire - http-outgoing-1 << "H[0xffffffc6][0xffffffb5][0x11][0xffffffcb]|[0xffffffd7][0xffffffee]pf[0xffffffbb]vG[0xfffffff4][0x5][0xffffffd7][0xffffffaa]_[0xffffffda][0xffffffea]11[0xffffffd7][0xffffffe2][0xffffffbf][0xffffffb4][\r][0xffffff83]_[0xffffffda][0x6][0xfffffffa]K[0xffffffdb][0xffffffc0]~i[0x1b]?[0xfffffffc][0xffffffa5]-[0xffffffdb][0xffffffb5][0x11]E[0xffffffc6][0xffffffb5][\n]"
14:55:25.471 [main] DEBUG org.apache.hc.client5.http.wire - http-outgoing-1 << "H[0xffffffc6][0xffffffb5][0x11][0xffffffcb]|[0xffffffd7][0xffffffee]pf[0xffffffbb]vG[0xfffffff4][0x5][0xffffffd7][0xffffffaa][0xffffff9f][0xffffff84]k[0xffffffaf][0xffffffd8][0xffffff8f][0x11][0xfffffff8]O[0xffffffc2][0xffffffc3][0xffffffe0]'[0xffffffe1][0xffffff81][0xfffffffe]$<[0xffffffb0][0xffffff9f][0xffffff84][0xffffffc7][0xf][0x7f][0x12][0xffffffce]vmD[0xffffff91]q[0xffffffad][0x2][0xffffff92]qm[0xffffffc4]2[0xffffffdf][0xffffffb5];[0xffffff9c][0xffffffd9][0xffffffae][0xffffffdd][0x11]}[0xffffffc1][0xffffffb5][0xffffffea][0xffffffee]B[0x1d][0xffffff9d]ZQ2[0xfffffff0][0xffffffbb][0xb][0xffffffc3][0xffffffe0][0xffffffee][0xffffffc2]@[0xffffffef].[0xc][0xffffffec][0xffffffee][0xffffffc2][0xfffffff8][0xffffffe1][0xffffffdd][0xffffff85]l[0xffffffd7]F[0x14][0x19][0xffffffd7]* [0x19][0xffffffd7]F,[0xfffffff3]][0xffffffbb][0xffffffc3][0xffffff99][0xffffffed][0xffffffda][0x1d][0xffffffd1][0xffffffdf][0xffffffee][0xffffffda]S[0xffffff8c][0xffffffc0][0xffffffb7]z[0x1e][0xffffffd4][0xffffffe4][0xffffffda][0xffffff89][0xffffff8f][0xffffffc0][0xffffff9f][0x6]#[0xfffffff0]':[0x2][0x7f]b#[0xfffffff0][0xffffffe7][0xf]G[0xffffffe0][0xffffff93]]+PD\+[0xffffff81]D\+[0xffffffb0]Lwm[0xffffff80]3[0xffffffd9][0xffffffb5][0x1][0xffffffd1][0x17]\[0xffffffab].4[0xffffffd6]{)S[0xffffffae][0xffffffc5]/4[0xffffff9e][0x6][0x17][0x1a]O[0xfffffff4]B[0xffffffe3][0xffffff89]]h<[0x7f]x[0xffffffa1]1[0xffffffdb][0xffffffb5][0x11]E[0xffffffc6][0xffffffb5][\n]"
14:55:25.471 [main] DEBUG org.apache.hc.client5.http.wire - http-outgoing-1 << "H[0xffffffc6][0xffffffb5][0x11][0xffffffcb]|[0xffffffd7][0xffffffee]pf[0xffffffbb]vG[0xfffffff4][0x5][0xffffffd7][0xffffffaa][0xffffff9b][0xffffffb7]u[0x1e][0xffffffd4][0xffffffb5][0xffffffc5][0x13][0xffffffbf]y{[0x1a][0xffffffdc][0xffffffbc]=[0xffffffd1][0xffffff9b][0xffffffb7]'v[0xfffffff3][0xfffffff6][0xfffffffc][0xffffffe1][0xffffffcd][0xffffffdb]l[0xffffffd7]F[0x14][0x19][0xffffffd7]* [0x19][0xffffffd7]F,[0xfffffff3]][0xffffffbb][0xffffffc3][0xffffff99][0xffffffed][0xffffffda][0x1d][0xffffffd1][0x17]\[0xffffffab][0xffffffee][0xffffffd7][0xffffffd6][0x5]|+[0xffffffe8][0xfffffff3]<[0xffffffb0]k[\r][0xffffffee][0xffffffd7][0xffffff9e][0xfffffff1]"c&[0xffffffce][0xffffffd8][0xfffffffd][0xffffffda]s[0xffffffbf][0xffffffbc][0xffffff88][0xffffffba][0xffffffd6][0xffffffe4]~[0xffffffad][0x4][0xffffff92]q[0xffffffad][0xffffffc1][0xfffffffd][0xffffffda][0x0]g[0xffffffb6]k[0xffffffaf][0xffffffdf][0xffffffaf][0xffffffbd][0xffffffff]i3s-<[0xffffff8e][0xfffffff3]8[0x1][0xffffffef]Zp[0x1c][0xffffffe7][0xfffffff1]t[0xffffffca][0xffffffb5]?[0x18][0xffffffc7][0xffffffc9]w[0xffffffed][0xffffff8e]"[0xffffffe5][0xffffffda][0x8]$[0xffffffe5][0xffffffda][0x1d]K[0xffffffc2][0xffffffb5][\r]vm[0xffffffbb][0xffffffea]Z[0xffffffb5][0xffffff8c][0xffffffa9]-l=[0xfffffff4][0xffffff89]/c:[\r][0xffffff96]1[0xffffff9d][0xffffffe8]2[0xffffffa6][0x13][[0xffffffc6]t[0xfffffffe]p[0x19]S[0xffffffb6]k#[0xffffff8a][0xffffff8c]k[0x15][0xffffff90][0xffffff8c]k#[0xffffff96][0xfffffff9][0xffffffae][0xffffffdd][0xffffffe1][0xffffffcc]v[0xffffffed][0xffffff8e][0xffffffe8][0xb][0xffffffae]U[0xffffffb3][0xc][0xffffffbd]`_[0xffffff93]8[0xfffffff1]Y[0xffffff86][0xffffffd3]`[0xffffff96][0xffffffe1][0xffffff8c][0xffffff97][0xffffffc6]3q[0xffffffc6]f[0x19][0xffffffce][0xfffffffd][0xffffffa2]8[0xffffffea]Z[0xffffff93]Y[0x6][0x9]$[0xffffffe3]Z[0xffffff83]Y[0xffffff86][0x0]g[0xffffffb6]k[0xffffffaf][0xffffffcf]2Lu[0xf]a4[0xffffffec][0x13][0xffffff80][0x13][0xffffffbf][0xffffff87]0[\r][0xffffffee]![0xffffffcc][0xfffffff8][0xffffff83]o"[0xffffffce][0x13][0xffffffbb][0xffffff87]0[0xfffffff7][0x1f]yI[0xffffffd7][\n]"
14:55:25.471 [main] DEBUG org.apache.hc.client5.http.wire - http-outgoing-1 << "[0x14][0x11][0xffffffd7]J [0x11][0xffffffd7][\n]"
14:55:25.471 [main] DEBUG org.apache.hc.client5.http.wire - http-outgoing-1 << ",[0xffffffd3]][0x1b][0xffffffe0]Lvm@[0xfffffff4][0x5][0xffffffd7]v[0xffffffe5][0xffffffda]U[0x1a][0xffffffe5][0xffffffda][0xffffff8e][0xffffffbb][0xffffffb6][0x1b][0xffffffb8][0xffffffb6][0x7][0xffffffa8]3q[0xffffffee][0xffffff98]k[0xffffffbb][0xffffff93]k#[0xffffff8a][0xffffff8c]k[0x15][0xffffff90][0xffffff8c]k#[0xffffff96][0xfffffff9][0xffffffae][0xffffffdd][0xffffffe1][0xffffffcc]v[0xffffffed][0xffffff8e][0xffffffe8][0xb][0xffffffae]Usc[0xffffffe7][0xfffffffd][0xffffff9f]H[0xffffffb9][0x16][0xffffff9f][0x1b][0xffffff9b][0x6]sc3[0xe][0xffffffe8]d[0xffffffe2][0xffffff8c][0xffffffcd][0xffffff8d][0xffffffcd]}([0x7]u[0xffffffad][0xffffffc9][0xffffffdc][0xffffff98][0x4][0xffffff92]q[0xffffffad][0xffffffc1][0xffffffdc]X[0xffffff80]3[0xffffffdb][0xffffffb5][0xffffffd7][0xffffffe7][0xffffffc6][0xffffffd6][0xffffffed][0xffffff97][0x1a]\;[0xffffffef][0xffffffff][0x17]r[0xffffffed][0xffffffdb]yX[0xffffffd7]>N[0x0][0xffffffbb][0xfffffff6][0xfffffffb][0x19][0x10][0xffffffd7]>[0xffffff9e][0xffffff8e][0xffffffb8][0xfffffff6][0xffffffdb][0xffffff93]-\+PD\+[0xffffff81]D\+[0xffffffb0]Lwm[0xffffff80]3[0xffffffd9][0xffffffb5][0x1][0xffffffd1][0xffffff97]\{[0xffffffb8][0xffffffc9][0xfffffff6][0xffffffe0]m{8[0xffffffe8][0xfffffff6]`}{p[0xffffffc2]=[0xffffffac][0xffffff8c][0x1b]x[0xffffffa4][0xffffff94]+[0xffffffa8][0xffffffa4][0xffffff9c][0x1b][0xffffffd8]$[0xffffffa4]{[0xffffffd0][0xffffffd6]=~B[0xffffffbb][0xffffff8f][0xffffffd7][0xffffffb4]N[0xffffffda]-[0xfffffff0]e[0xffffffdb][0xfffffff7]#[0xfffffff0][0xffffffda]-[0xffffffe0]u[0xffffffdb][0xfffffff7][0xffffffc7]S[0xffffffda]->[0x17]n[0x15][0xffffff8f][0xffffff94]v[0x5][0xffffff95][0xffffff94]v[0x3][0xffffff9b][0xffffff84]v[0xb]z[0xffffffe9]6r[0xfffffffa][0xffffff92]v[0xfffffffb]0[0xffffffd3]n[0x1f][0xffffffb8]v[0xffffffef]G[0xffffffe0][0xffffffb5][0xfffffffb]q[0x8]J[0xffffffbb][0xfffffff7][0xffffffc7]S[0xffffffda]}[0x7f][0xffffffb4][0xffffff8b]v[0x3][0xffffff8f][0xffffff94]v[0x5][0xffffff95][0xffffff94]v[0x3][0xffffff9b][0xffffff84]v7B[0xfffffff3][0xffffffb5][0xffffffbb]q[0xfffffffa][0xffffff92]v[0xffffffcf]n[0xffffffa6][0xffffffdd][0xffffffb3][0xffffffe3][0xffffffda][0xffffffbd][0x1f][0xffffff81][0xffffffd7][0xffffffee][0xffffffc7]!([0xffffffed][0xffffffde][0x1f]Oi[0xfffffff7][0xfffffffd][0xffffffd1].[0xffffffda][\r]<R[0xffffffda][0x15]TR[0xffffffda][\r]l[0x12][0xffffffda][0xffffffdd][0x8][0xffffffcd][0xffffffd7][0xffffffee][0xffffffc6][0xffffffe9]K[0xffffffda]][0xfffffff1][0xffffffd2][0x2][0xffffffab][0xffffffdd][0x5][0xffffffdf]Zx?[0x2][0xffffffaf][0xffffffdd][0xffffff8f]CP[0xffffffda]][0xffffffd0][0xffffffc5][0xffffff85][0xffffffef][0xffffff8f]v[0xffffffd1]n[0xffffffe0][0xffffff91][0xffffffd2][0xffffffae][0xffffffa0][0xffffff92][0xffffffd2]n`[0xffffff93][0xffffffd0][0xffffffee]Bo/DN_[0xffffffd3][0xffffffee]t[0xffffffd3][0xffffffee][0xffffffe4][0xffffffb5];[0x1d][0xffffffb4];Y[0xffffffed]NN[0xffffffbb][0xffffffd3]J[0xffffffbb];[0xffffff8f][0xffffff98]v#[0xffffff95][0xffffff98]vw6[0x11][0xffffffed]NZ[0xffffffbb][0xfffffff3][0xffffffba]v[0xffffff8f][1[0xfffffff3][0xffffffee][0xfffffffd]D[0xffffffb8]x[0xffffffdf][0xffffffce][0xffffffc0][0xffffff9b][0xfffffff7][0xffffffdb])([0xfffffff5][0xffffffbe]=[0xffffff9f]r[0xffffffef][0xffffffc7][0xffffffb3]][0xffffffe4][0x1b][0xffffffa1][0xffffffa4][0xffffffec][0xffffffab][0xffffffd0][0xffffffa4][0xfffffff4][0x1b][0x1]%[0xfffffffc][0xffffffbb]c[0xffffff9a]/[0xffffffe0][0x1d][0xffffffd6][0xffffffd7][0xc]|[0xffffffba][0xffffffbd]p[0xffffffb8][0xffffff9f][0xffffff88]7[0xfffffff0][0xfffffffd][0xc][0x6][0x6][0xfffffffe]8[0x5]f[0xffffffe0][0xffffff93]{[0xffffffe9][0xfffffff0][0xfffffff1]l[0x1b][0x3][0x7](1[0x3][0xb]41[0x3][0x7]@[0x11][0x3][0xffffff9f][0xfffffff4][0xffffff9b][0xffffff87][0x1d][0xffffffd6][0xffffffdf]"
14:55:25.472 [main] DEBUG org.apache.hc.client5.http.wire - http-outgoing-1 << "b[0xffffffe0][0xfffffff1][0xfffffffe][0xffffffc7]j[0xfffffffb][0xffffffc2]<k[0xffffffbe][0x7f]?[0xffffffcf]C[0xffffffd9][0xfffffff7][0xffffffcb][0x9]0[0xfffffff7]ngH6[0xffffffef][0xffffff97][0xffffffa7]'{[0xfffffff7][0xffffffd7]O[0xffffff86][0xffffffad][0xfffffffb][0x14][0xffffffc5]d[0xffffffe7][0xfffffffe][0x0][0xffffffc8]d[0xffffffe3]>[0xffffffc5]2[0xffffffd1][0xffffffb7]O[0xffffffe0]L[0xffffffb3][0xffffffed][0x13]D_p[0xffffffad][0xffffffda]L[0xffffffbe][0xffffffea]([0xffffff94]k[0xffffffc1][0xffffffcd][0xffffffe4]_N@[0xffffffbb][0x16][0xffffffda]L[0xfffffffe][0xffffffe5][0xffffffe9][0xffffff8c]k=6[0xffffff93]?E[0xffffff91]q[0xffffffad][0xffffffc1]f[0xfffffff2][0xffffffa7]X[0xffffffe6][0xffffffbb][0x16][0xffffffdb]L[0xfffffffe][0x4][0xffffffd1][0x17]\[0xffffffdb][0xffffff94]kG[0xffffffcf][0xffffffdf]L[0xfffffffe]y[0x1e][0xffffffd8][0xffffffb5][0xffffffcd][0xffffffc0][0xffffffb5]-@[0xffffff9d][0xffffff89]s[0xffffffc3]\[0xffffffdb][0xffffff9c]\[0x1b]Qd\[0xffffffab][0xffffff80]d\[0x1b][0xffffffb1][0xffffffcc]w[0xffffffed][0xe]g[0xffffffb6]kwD_pmW[0xffffffae]][0x7][0xffffffe6][0xffffffda][0xffffff8e][0xffffffbb][0xffffffb6][0x1b][0xffffffb8][0xffffffb6][0x7][0xffffffa8]3q[0xffffffee][0xffffff98]k[0xffffffbb][0xffffff93]k#[0xffffff8a][0xffffff8c]k[0x15][0xffffff90][0xffffff8c]k#[0xffffff96][0xfffffff9][0xffffffae][0xffffffdd][0xffffffe1][0xffffffcc]v[0xffffffed][0xffffff8e][0xffffffe8][0xb][0xffffffae][0x1d][0xffffffd1][0xffffffb5][0xfffffffd]v[0x1b][0xffffff98]k[0x7][0xffffffee][0xffffffda]a[0xffffffe0][0xffffffda][0x11][0xffffffa0][0xffffffce][0xffffffc4]y`[0xffffffae][0x1d]N[0xffffffae][0xffffff8d](2[0xffffffae]U@2[0xffffffae][0xffffff8d]X[0xffffffe6][0xffffffbb]v[0xffffff87]3[0xffffffdb][0xffffffb5];[0xffffffa2]/[0xffffffb8]V|[0x5][0xffffffe2][0xffffffee][0xffffffda][0xffffff85][0xffffffbd][0xffffffaf][0x5][0xffffffbf][0x2][0xfffffff1][0xffffffe5][0x4][0xffffffb4]k[0xffffffa1][0xffffffaf]@|y:[0xffffffe3]Z[0xffffff8f][0xffffffaf]@<E[0xffffff91]q[0xffffffad][0xffffffc1]W [0xffffff9e]b[0xffffff99][0xffffffef]Z[0xffffffec]+[0x10]O[0x10]}[0xffffffc1][0xffffffb5]S[0xffffffb9][0xfffffff6]8[0xfffffff2][0xffffffbf][0x2][0xfffffff1]y[0x1e][0xffffffd8][0xffffffb5][0xffffffd3][0xffffffc0][0xffffffb5]3@[0xffffff9d][0xffffff89][0xfffffff3][0xffffffc4]\;[0xffffff9d]\[0x1b]Qd\[0xffffffab][0xffffff80]d\[0x1b][0xffffffb1][0xffffffcc]w[0xffffffed][0xe]g[0xffffffb6]kwD_p[0xffffffad][0xffffffd8]L~w-[0xfffffff0]u[0xffffffb3][0xffffffcf][0xfffffff3][0xffffffc0][0xffffffae]E7[0xffffff93]og`\[0xb]l&[0xffffffff][0xfffffff5][0xffffff93]=\[0xffffff8b]o&[0xffffffff][0x1][0xffffff90][0xffffff8c]k[0xffffffd1][0xffffffcd][0xffffffe4]O[0xffffffe0][0xffffffcc]v[0xffffffed][0xffffff95][0xffffffcd][0xffffffe4][0xffffff8f]?[0xffffff9d][0xffffffb7][0xffffff9b]rm[0xffffffa9][0xffffff90]k[0x1f][0xffffffe7]A][0xfffffffb]~[0x2][0xffffffd6][0xffffffb5][0xffffff9f]g \[0xfffffffb][0xfffffffe]t[0xffffffc2][0xffffffb5][0xffffffdf][0xffffff9f][0xffffffec][0xffffffe0]Z[0xffffff85]"[0xffffffe1]Z[\r]$[0xffffffe1]Z[0xffffff85]e[0xffffffb6]k#[0xffffff9c][0xffffffb9][0xffffffae][0xffffff8d][0xffffff88][0xffffffbe][0xffffffe0]Z1[0xffffffcb][0xffffffd0]o[0xffffffb5]B[0xffffffef][0x10][0x1e][0xffffffe7][0xffffff81]][0xffffffcb][0xffffffcf]2|[0xffffff9e][0xffffff81]q-5[0xffffffcb][0xfffffff0][0xfffffffd][0xffffffc9][0x1e][0xffffffae][0xfffffff5][0xffffff98]e[0xffffffd0]@2[0xffffffae][0xffffffe5]g[0x19]"[0xffffff9c][0xffffffd9][0xffffffae][0xffffffbd]<[0xffffffcb]0oE[0xffffffb9][0xffffffb6][0xffffff8d][0xffffff93]rm[0xffffffc1]][[0xc]\[[0x2][0xffffffd4][0xffffff99]8[0x17][0xffffffcc][0xffffffb5][0xffffffc5][0xffffffc9][0xffffffb5][0x11]E[0xffffffc6][0xffffffb5][\n]"
14:55:25.472 [main] DEBUG org.apache.hc.client5.http.wire - http-outgoing-1 << "H[0xffffffc6][0xffffffb5][0x11][0xffffffcb]|[0xffffffd7][0xffffffee]pf[0xffffffbb]vG[0xfffffff4][0x5][0xffffffd7][0xffffffd6]_[0xffffffc2][0xffffff96][0xffffff9a]~[[0x5]s[0xffffffed][0xfffffffd]<[0xffffffb0]k[0xffffffdf]N@[0xffffffbb][0xfffffff6][0xffffffdb][0x19][0x18][0xffffffd7][0xffffffbe]=[0xffffff9d]q[0xffffffed][0xffffffc7][0xffffff93]=\[0x1b]Qd\[0xffffffab][0xffffff80]d\[0x1b][0xffffffb1][0xffffffcc]w[0xffffffed][0xe]g[0xffffffb6]kwD_p[0xffffffad][0xffffff98][0x1b][0xffffffeb][0xffffffc7]Q1[0xffffffd7][0xffffffd2]sc[0xffffffef]'[0xffffffa0]]K[0xffffffce][0xffffff8d][0xffffffbd]?[0xffffff9d]q[0xffffffad][0xffffffd1][0xffffffdc][0xffffff98]B[0xffffff91]q[0xffffffad][0xffffffcb][0xffffffdc][0xffffff98][0xffffffc2]2[0xffffffdf][0xffffffb5][0xffffffec][0xffffffdc]XD[0xfffffff4][0x5][0xffffffd7][0xffffff8a][0xffffffb9][0xffffffb1]~[0xffffffb4]>)[0xffffffd7][0xffffffd2]sc[0xffffffef]'[0xffffffa0]]K[0xffffffce][0xffffff8d][0xffffffbd]?[0xffffff9d]q[0xffffffad][0xffffffd1][0xffffffdc][0xffffff98]B[0xffffff91]q[0xffffffad][0xffffffcb][0xffffffdc][0xffffff98][0xffffffc2]2[0xffffffdf][0xffffffb5][0xffffffec][0xffffffdc]XD[0xfffffff4][0x5][0xffffffd7][0xe][0xffffffe5][0xffffffda][0xffffffb3]a];p[0xffffffd7][0xe][0x3][0xffffffd7][0xffffff8e][0x0]u&[0xffffffce][0x3]s[0xffffffed]prmD[0xffffff91]q[0xffffffad][0x2][0xffffff92]qm[0xffffffc4]2[0xffffffdf][0xffffffb5];[0xffffff9c][0xffffffd9][0xffffffae][0xffffffdd][0x11]}[0xffffffc1][0xffffffb5]jn[0xffffffac][0x1c]'[0xffffffe6]Zzn[0xffffffec][0xfffffffd][0x4][0xffffffb4]k[0xffffffc9][0xffffffb9][0xffffffb1][0xfffffff7][0xffffffa7]3[0xffffffae]5[0xffffff9a][0x1b]S(2[0xffffffae]u[0xffffff99][0x1b]SX[0xffffffe6][0xffffffbb][0xffffff96][0xffffff9d][0x1b][0xffffff8b][0xffffff88][0xffffffbe][0xffffffe0]Z57V[0xffffffda][\r]{[0xffffff87]@[0xffffffcf][0xffffff8d][0xffffffbd][0xffffff9f][0xffffff80]v-97[0xfffffff6][0xfffffffe]t[0xffffffc6][0xffffffb5]Fsc[\n]"
14:55:25.473 [main] DEBUG org.apache.hc.client5.http.wire - http-outgoing-1 << "E[0xffffffc6][0xffffffb5].sc[\n]"
14:55:25.473 [main] DEBUG org.apache.hc.client5.http.wire - http-outgoing-1 << "[0xffffffcb]|[0xffffffd7][0xffffffb2]sc[0x11][0xffffffd1][0xffffff97]\[0x1b][0xffffffef]![0xffffffb0][0xffffffae][0xffffffa5][0xffffffef]!L[0xffffff83]{[0x8]3[0xfffffffc][0xffffffe0][0xffffff9b][0xffffff8b]3u[0xf]a:[0xffffffdd]C[0xffffff88](R[0xffffffae]u[0xffffffb9][0xffffff87][0x10][0xffffffb1]$\[0xffffffcb][0xffffffde]C[0xffffffd8][0x11]}[0xffffffc1][0xffffffb5]jF[0xffffffb7][0xffffff9c]'6[0xffffffcb]@[0xffffffcf][0xffffffe8][0xffffffbe][0xffffff9f][0xffffff80]v-9[0xffffffa3][0xfffffffb][0xfffffffe]t[0xffffffc6][0xffffffb5]F3[0xffffffba][\n]"
14:55:25.473 [main] DEBUG org.apache.hc.client5.http.wire - http-outgoing-1 << "E[0xffffffc6][0xffffffb5].3[0xffffffba][\n]"
14:55:25.473 [main] DEBUG org.apache.hc.client5.http.wire - http-outgoing-1 << "[0xffffffcb]|[0xffffffd7][0xffffffb2]3[0xffffffba][0x11][0xffffffd1][0xffffff97]\+[0xffffffba][0x16]u-[0xffffffdd][0xffffffb5][0xffffffcb][0xffffffa0]kW[0x8][0xffffff88]\[0xffffff9c][0xffffffa9][0xffffffae]]N][0x1b]Q[0xffffffa4]\[0xffffffeb][0xffffffd2][0xffffffb5][0x11]K[0xffffffc2][0xffffffb5]l[0xffffffd7][0xffffffee][0xffffff88][0xfffffffe]v[0xffffffd7][0x1e]j[0x1f]BY[0xffffffc7][0x1][0xffffffb9][0xfffffff6][0xffffffc0][0xfffffff7]![0x1c][0x6][0xfffffffb][0x10][0xffffff8e]8x[0xffffff9e][0xffffff88][0xfffffff3][0xffffff81][0xffffffed]C8[0xfffffff6]as[0xffffffd2][0xffffffb5][0x2]E[0xffffffc4][0xffffffb5][0x12]H[0xffffffc4][0xffffffb5][0x2][0xffffffcb]t[0xffffffd7][0x6]8[0xffffff93]][0x1b][0x10]}[0xffffffc1][0xffffffb5]jF[0xffffffb7][0xffffffac]Y([0xffffffd7][0xffffffe2]3[0xffffffba][0xffffff87][0xffffffc1][0xffffff8c][0xffffffee][0x11][0xffffff87]!3q[0xffffffc6]ft[0xffffff8f]}[0x0][0x12]u[0xffffffad][0xffffffc9][0xffffff8c][0xffffffae][0x4][0xffffff92]q[0xffffffad][0xffffffc1][0xffffff8c]n[0xffffff80]3[0xffffffdb][0xffffffb5][0xffffffd7]gt[0xf]5[0xffffffcb]P[0xfffffffb][0xffffffad]S[0xffffffae][0xffffffc5]g[0x19][0xe][0xffffff83]Y[0xffffff86]#^[0x1a][0xffffffcf][0xffffffc4][0x19][0xffffff9b]e8[0xfffffff6][0xffffff8b][0xffffffe2][0xffffffa8]kMf[0x19]$[0xffffff90][0xffffff8c]k[\r]f[0x19][0x2][0xffffff9c][0xffffffd9][0xffffffae][0xffffffbd]>[0xffffffcb][0xfffffff0][0xfffffff6][0xffffffff]D[0xffffffd7][0xffffff9e][0x13]{[0xffffff87]0p[0xffffffd7][0xe][0x3][0xffffffd7][0xffffff8e][0x0]u&[0xffffffce][0x3]s[0xffffffed]prmD[0xffffff91]q[0xffffffad][0x2][0xffffff92]qm[0xffffffc4]2[0xffffffdf][0xffffffb5];[0xffffff9c][0xffffffd9][0xffffffae][0xffffffdd][0x11]}[0xffffffc1][0xffffffb5]j[0xffffff96][0xffffffa1][0x1d][\r]{[0xffffff87][0xffffff80][0xffffffcf]2[0x1c][0x6][0xffffffb3][0xc]G[0xffffffbc]4[0xffffff9e][0xffffff89]36[0xffffffcb]p[0xffffffec][0x17][0xffffffc5]Q[0xffffffd7][0xffffff9a][0xffffffcc]2H [0x19][0xffffffd7][0x1a][0xffffffcc]2[0x4]8[0xffffffb3]]{}[0xffffff96][0xffffffe1]P[0xffffffb3][0xc][0xffffffad]6[0xffffffac]k[0xfffffff1]Y[0xffffff86][0xffffffc3]`[0xffffff96][0xffffffe1][0xffffff88][0xffffff97][0xffffffc6]3q[0xffffffc6]f[0x19][0xffffff8e][0xfffffffd][0xffffffa2]8[0xffffffea]Z[0xffffff93]Y[0x6][0x9]$[0xffffffe3]Z[0xffffff83]Y[0xffffff86][0x0]g[0xffffffb6]k[0xffffffaf][0xffffffcf]2[0x14][0xfffffff5][0xffffffbe][0xffffffb6][0xffffffaf][0x6]}G[0xfffffff7]q[0x1e][0xffffffd6][0xffffffb5][0xffffffc5][0xffffffe0]}m[0xffffff89]/[0xffffffc6][0x12]q.[0xffffffd8][0xfffffffb][0xffffffda][0xffffffb2][0xffffffbf][0xc]#]+PD\+[0xffffff81]D\+[0xffffffb0]Lwm[0xffffff80]3[0xffffffd9][0xffffffb5][0x1][0xffffffd1][0x17]\[0xffffffab][0xffffffde]![0xffffff8c][0x1b][0xfffffff5]m[0xffffffc7][0xffffffc7]y`[0xffffffd7][0x1a][0xffffffbc]C([0xfffffff1]_[0xffffffd6]2q[0xffffffc6][0xffffffde]![0xffffff94][0xfffffffd]_[0xffffffd0]P[0xffffffd7][0xffffff9a][0xffffffbc]C[0xffffff90]@2[0xffffffae]5x[0xffffff87][0x10][0xffffffe0][0xffffffcc]v[0xffffffed][0xfffffff5]w[0x8]E[0xffffffbd]C[0x18][0x7][0xfffffff6][0xffffffbd][0xffffffb1][0xffffff82][0xffffffbf]C([0x6][0xffffffef][0x10]J[0xfffffffc][0xffffff97][0xffffffb5]L[0xffffff9c][0xffffffb1]w[0x8]e[0xffffffff][0x17]4[0xffffffd4][0xffffffb5]&[0xffffffef][0x10]$[0xffffff90][0xffffff8c]k[\r][0xffffffde]![0x4]8[0xffffffb3]][0xfffffffb][0x13][0xffffffef][0x10][0xffffffd4][0xffffff8c][0xffffffee]hg[0xffffffa3]\[0xffffff8b][0xffffffcf][0xffffffe8][0x16][0xffffff83][0x19][0xffffffdd][0x12][0xffffff87]!3q[0xffffffc6]ft[0xffffffcb]>[0x0][0xffffff89][0xffffffba][0xffffffd6]"
14:55:25.474 [main] DEBUG org.apache.hc.client5.http.wire - http-outgoing-1 << "dFW[0x2][0xffffffc9][0xffffffb8][0xffffffd6]`F7[0xffffffc0][0xffffff99][0xffffffed][0xffffffda][0xffffffeb]3[0xffffffba]U[0xffffffcd]2[0xffffff9c][0xffffffad]S[0xffffffae][0xffffffad][0xfffffff8],C5[0xffffff98]e[0xffffffa8][0xfffffff1][0xffffffd2]x"[0xffffffce][0x15][0xffffff9b]e[0xffffffa8][0xfffffffb]Eq[0xffffffd2][0xffffffb5][0x2]E[0xffffffc4][0xffffffb5][0x12]H[0xffffffc4][0xffffffb5][0x2][0xffffffcb]t[0xffffffd7][0x6]8[0xffffff93]][0x1b][0x10]}[0xffffffc1][0xffffffb5][0xffffffea][0xffffffb7][0xffffffb1][0xffffffd9]N[0xffffffea][0x1d]B[0xffffffc5][0x7f][0x1b][0xffffffab][0x6][0xffffffbf][0xffffff8d][0xffffffd5][0xfffffff8]#D&[0xffffffce][0xffffffd8]ocu[0xffffffff][0xffffffe1][0x1]u[0xffffffad][0xffffffc9]oc[0x12]H[0xffffffc6][0xffffffb5][0x6][0xffffffbf][0xffffff8d][0x5]8[0xffffffb3]]{[0xfffffffd][0xffffffb7][0xffffffb1][0xffffffaa][0xffffffde]![0xffffffac]Z[0xffffffa9][0xffffff9d][0xffffff8a][0x15][0x7f][0xffffff87]P[\r][0xffffffde]![0xffffffd4][0xfffffff8]/k[0xffffff99]8c[0xffffffef][0x10][0xffffffea][0xfffffffe]/h[0xffffffa8]kM[0xffffffde]!H [0x19][0xffffffd7][0x1a][0xffffffbc]C[0x8]pf[0xffffffbb][0xfffffff6][0xfffffffa];[0xffffff84][0xffffffa6]v[0xffffffcf][0xffffffac][0xffffff8a][0xffffffcd][0xffffff8d]5|[0xfffffff7]L3[0xffffffd8]=[0xffffffd3][0xffffffe2][0xffffff92][0xffffff8f]D[0xffffff9c][0x1b][0xffffffb6]{[0xffffffa6][0xffffffed][0xffffff8b]=H[0xffffffd7][\n]"
14:55:25.474 [main] DEBUG org.apache.hc.client5.http.wire - http-outgoing-1 << "[0x14][0x11][0xffffffd7]J [0x11][0xffffffd7][\n]"
14:55:25.475 [main] DEBUG org.apache.hc.client5.http.wire - http-outgoing-1 << ",[0xffffffd3]][0x1b][0xffffffe0]Lvm@[0xfffffff4][0x5][0xffffffd7][0x1e][0xffffffca][0xffffffb5][0xffffffed][0xffffffa0][0xffffffbe][0xffffff81][0xfffffff3]v[0x1e][0xffffffd8][0xffffffb5][0xffffff87][0xffffff81]k[0xffffff8f][0x0]u&[0xffffffce][0x7][0xffffffe6][0xffffffda][0xffffffc3][0xffffffc9][0xffffffb5][0x11]E[0xffffffc6][0xffffffb5][\n]"
14:55:25.475 [main] DEBUG org.apache.hc.client5.http.wire - http-outgoing-1 << "H[0xffffffc6][0xffffffb5][0x11][0xffffffcb]|[0xffffffd7][0xffffffee]pf[0xffffffbb]vG[0xfffffff4][0x5][0xffffffd7][0xffffffaa][0xffffffdf][0xffffffc6]V[0xffffffaf][0xffffffd4][0xfffffffd][0xffffffda][0xffffff86][0xffffffff]6[0xffffffd6][0xc]~[0x1b]k[0xfffffff1]G[0xffffff88]L[0xffffff9c][0xffffffb1][0xffffffdf][0xffffffc6][0xffffffda][0xfffffffe][0xffffffc3][0x3][0xffffffea]Z[0xffffff93][0xffffffdf][0xffffffc6]$[0xffffff90][0xffffff8c]k[\r]~[0x1b][0xb]pf[0xffffffbb][0xfffffff6][0xfffffffa]oc[0xffffffad]*[0xffffffd7][0xffffff9e][0xffffffd8]>[0xffffff84][0xffffffb7][0xfffffff3][0xffffffc0][0xffffffae][0xffffffad][0x6][0xffffffae][0xffffffad][0x1][0xffffffea]L[0xffffff9c]+[0xffffffe6][0xffffffda][0xffffffea][0xffffffe4][0xffffffda][0xffffff88]"[0xffffffe3]Z[0x5]$[0xffffffe3][0xffffffda][0xffffff88]e[0xffffffbe]kw8[0xffffffb3]][0xffffffbb]#[0xfffffffa][0xffffff82]k[0xffffff9b]r[0xffffffed]jX[0xffffffd7]6[0xffffffdc][0xffffffb5][0xffffffcd][0xffffffc0][0xffffffb5]-@[0xffffff9d][0xffffff89]s[0xffffffc3]\[0xffffffdb][0xffffff9c]\[0x1b]Qd\[0xffffffab][0xffffff80]d\[0x1b][0xffffffb1][0xffffffcc]w[0xffffffed][0xe]g[0xffffffb6]kwD_p[0xffffffad][0xffffffb8][0xfffffff3]5n[0xffffffb5]`[0xffffffbf][0xffffff8d][0xffffffe1]w[0xffffffbe][0xffffff9a][0xffffffc1][0xffffff9d][0xffffffaf][0x16]/[0xffffffd7]d[0xffffffe2][0xffffff8c][0xffffffdd][0xfffffff9]j[0xfffffffb][0xffffff85][0x1a][0xffffffd4][0xffffffb5]&w[0xffffffbe]$[0xffffff90][0xffffff8c]k[\r][0xffffffee]|[0x5]8[0xffffffb3]]{[0xfffffffd][0xffffffce][0xffffffd7][0xfffffffd]O[0xffffff8b][0xffffff99]k[0xffffffe1][0xffffffef][0xffffff8d]=N[0xffffffc0][0xffffffbb][0x16][0xfffffffc][0xffffffde][0xffffffd8][0xffffffe3][0xffffffe9][0xffffff94]k}[0xffffffbe]7&P[0xffffffa4]\k[0xfffffff2][0xffffffbd]1[0xffffff81]%[0xffffffe1]Z[0xfffffff4]{c[0x1][0xffffffd1][0xffffff97]\[[0xffffffcd]\[q[0xffffffd7]V[0x3][0xffffffd7]V[0xffffffd4][0xffffffb5][0x15]smur[0xffffffed][0xffffff8e]"[0xffffffe5][0xffffffda][0x8]$[0xffffffe5][0xffffffda][0x1d]K[0xffffffc2][0xffffffb5][0x15]vm[0xffffffbd][0xffffffee][0xffffffda]f[0xffffffe6][0xffffffda][0xffffff86][0xffffffbb][0xffffffb6][0x19][0xffffffb8][0xffffffb6][0xffffffa1][0xffffffae]m[0xffffff98]k[0xffffff9b][0xffffff93]kw[0x14])[0xffffffd7]F )[0xffffffd7][0xffffffee]X[0x12][0xffffffae]m[0xffffffb0]k[0xffffffdb]u[0xffffffd7][0x1e]n[0xffffffb2]=x[0xffffffdb][0x1e][0xe][0xffffffba]=X[0xffffffdf][0x1e][0xffffff9c]p[0xf]+[0xffffffe3][0x6][0x1e])[0xffffffe5][\n]"
14:55:25.475 [main] DEBUG org.apache.hc.client5.http.wire - http-outgoing-1 << "*)[0xffffffe7][0x6]6[0x9][0xffffffe9][0x1e][0xffffffb4]u[0xffffff8f][0xffffff9f][0xffffffd0]nu{w[[0xfffffff9][0xffffff97][0xffffffb7][0xffffffd5][0xffffffe1][0xffffffed]me_[0xffffffdf]V[0xffffffee][0xfffffffd]m[0xffffffb5]z[0xffffff81][0x1b]x[0xffffffa4][0xffffffb4]+[0xffffffa8][0xffffffa4][0xffffffb4][0x1b][0xffffffd8]$[0xffffffb4][[0xffffffe9][0xffffff97][0xffffffb8][0xfffffff5]'[0xffffffde][0xffffffe2]67[0xffffffed]6^[0xffffffbb][0xffffffcd]A[0xffffffbb][0xffffff8d][0xffffffd5]n[0xffffffe3][0xffffffb4][0xffffffdb][0xffffffac][0xffffffb4][0x1b]x[0xffffffa4][0xffffffb4]+[0xffffffa8][0xffffffa4][0xffffffb4][0x1b][0xffffffd8]$[0xffffffb4][0xffffffdb]h[0xffffffed][0xffffffb6][0xffffff9f][0xffffffd1][0xffffffee]r[0xffffffd3][0xffffffee][0xffffffe2][0xffffffb5][0xffffffbb][0x1c][0xffffffb4][0xffffffbb]X[0xffffffed].N[0xffffffbb][0xffffffcb]J[0xffffffbb];[0xffffff8f][0xffffff98]v#[0xffffff95][0xffffff98]vw6[0x11][0xffffffed].Z[0xffffffbb][0xffffffeb][0xffffffba]v[0xffffff87][[0xffffffed][0xe][0xffffffbe]v[0xffffff87]C[0xffffffed][0xe][0xffffffb6]v[0x7]W[0xffffffbb][0xffffffc3][0xffffffaa]v[0x3][0xffffff8f][0xffffff94]v[0x5][0xffffff95][0xffffff94]v[0x3][0xffffff9b][0xffffff84]v[0x7]][0xffffffbb][0xffffffe3]'jw[0xffffffba]iw[0xfffffff2][0xffffffda][0xffffff9d][0xe][0xffffffda][0xffffff9d][0xffffffac]v'[0xffffffa7][0xffffffdd]i[0xffffffa5][0xffffffdd][0xffffffc0]#[0xffffffa5]]A%[0xffffffa5][0xffffffdd][0xffffffc0]&[0xffffffa1][0xffffffdd]Ikw[0xfffffffe][0xffffff84]v[0xffffffd7]0[0xffffffd3][0xffffffee][0x1a][0xffffffb8]v[0xffffffef]G[0xffffffe0][0xffffffb5][0xfffffffb]q[0x8]J[0xffffffbb][0xfffffff7][0xffffffc7]S[0xffffffda]}[0x7f][0xffffffb4][0xffffff8b]v[0x3][0xffffff8f][0xffffff94]v[0x5][0xffffff95][0xffffff94]v[0x3][0xffffff9b][0xffffff84]v7B[0xfffffff3][0xffffffb5][0xffffffbb]q[0xfffffffa][[0xffffffb4]{[0xffffffbe][0xffffffff][0xffffffed]P[0x3][0xffffffbf][0xffffffab][0xffffffb4]t[0xffffffeb]~[0xffffff9e][0xffffff87][0xffffff92][0xffffffee][0xffffff97][0x13]`[0xffffffce][0xffffffdd][0xffffffce][0xffffff90][0xffffffac][0xffffffdc]/OO6[0xffffffee][0xffffffaf][0xffffff9f][0xc][0xb][0xfffffff7])[0xffffff8a][0xffffffc9][0xffffffbe][0xfffffffd][0x1][0xffffff90][0xffffffc9][0xffffffba]}[0xffffff8a]e[0xffffffa2]m[0xffffff9f][0xffffffc0][0xffffff99]&[0xffffffdb]'[0xffffff88][0xffffffbe][0xffffffe0]Z[0xfffffff1][0x1][0xfffffff4]q[0x1c][0xffffffc0][0xffffff82][0xffffffc6][0xffffffcf][0xfffffff3][0xffffffc0][0xffffffae]E?[0xffffff80][0xffffffbe][0xffffff9d][0xffffff81]q-[0xfffffff0][0x1][0xfffffff4]_?[0xffffffd9][0xffffffc3][0xffffffb5][0xfffffff8][0x7][0xffffffd0][0x7f][0x0]$[0xffffffe3]Z[0xfffffff4][0x3][0xffffffe8]O[0xffffffe0][0xffffffcc]v[0xffffffed][0xffffff8e][0xffffffe8][0xb][0xffffffae][0xffffff9d]b[0xffffffb9][0xffffffc2][0xffffffd1]J[0xfffffffe][0x7]u>[0xffffffcf][0x3][0xffffffbb]v[0xffffff92][0xffffffcb][0x15][0xffffffb6]30[0xffffffae][0xffffff9d][0xfffffff9][0xffffffcb][0x15]~[0xfffffffd]d[0xf][0xffffffd7]F[0x14][0x19][0xffffffd7]* [0x19][0xffffffd7]F,[0xfffffff3]][0xffffffbb][0xffffffc3][0xffffff99][0xffffffed][0xffffffda][0x1d][0xffffffd1][0x17]\[0xffffffbb][0xffffff94]k[0xffffffc7][0xffffff99][0xffffffff][0xffffff91][0xffffff87][0xffffffcf][0xfffffff3][0xffffffc0][0xffffffae]][0x6][0xffffffae]][0x1][0xffffffea]L[0xffffff9c][0x17][0xffffffe6][0xffffffda][0xffffffe5][0xffffffe4][0xffffffda][0xffffff88]"[0xffffffe3]Z[0x5]$[0xffffffe3][0xffffffda][0xffffff88]e[0xffffffbe]kw8[0xffffffb3]][0xffffffbb]#[0xfffffffa][0xffffffdb]][0xffffffdb][0xffffffc5][0x7]uF[0xffffffb9][0xffffffad][0xfffffffc]_[0xffffffc9]>[0xffffffcf][0xffffffc3][0xffffffba][0xffffffb6][0xffffffa3][0x1f][0xffffffd4][0xffffffd9][0xffffffce][0xffffff80][0xffffffb8][0xffffffb6][0x3][0x1f][0xffffffd4][0xfffffff9][0xfffffff5][0xffffff93]-\+PD\+[0xffffff81]D\+[0xffffffb0]Lwm[0xffffff80]3[0xffffffd9][0xffffffb5][0x1][0xffffffd1][0x17]\+>[0xfffffff2]0[0xffffffca]1[0xffffffa8][0xfffffff7][0xffffffb5][0x1d][0xfffffffc][0xffffffc8][0xffffffc3][0xffffff97][0x13][0xffffffd0][0xffffffae][0xffffff85]>[0xfffffff2][0xfffffff0][0xffffffe5][0xffffffe9][0xffffff8c]k=>[0xfffffff2][0xfffffff0][0x14]E[0xffffffc6][0xffffffb5][0x6][0x1f]yx[0xffffff8a]e[0xffffffbe]k[0xffffffb1][0xffffff8f]<<A[0xfffffff4][0x5][0xffffffd7][0xffffff8a][0xffffff8f]<[0xffffff8c]Rn[0xffffff95]r-[0xfffffff8][0xffffff91][0xffffff87]/'[0xffffffa0]][0xb]}[0xffffffe4][0xffffffe1][0xffffffcb][0xffffffd3][0x19][0xffffffd7]z|[0xffffffe4][0xffffffe1])[0xffffff8a][0xffffff8c]k[\r]>[0xfffffff2][0xfffffff0][0x14][0xffffffcb]|[0xffffffd7]b[0x1f]yx[0xffffff82][0xffffffe8][0xb][0xffffffae]U[0x1f]y([0xfffffff5][0xffffff86]u-[0xfffffff8][0xffffff91][0xffffff87]/'[0xffffffa0]][0xb]}[0xffffffe4][0xffffffe1][0xffffffcb][0xffffffd3][0x19][0xffffffd7]z|[0xffffffe4][0xffffffe1])[0xffffff8a][0xffffff8c]k[\r]>[0xfffffff2][0xfffffff0][0x14][0xffffffcb]|[0xffffffd7]b[0x1f]yx[0xffffff82][0xffffffe8][0xb][0xffffffae]=[0xffffff95]k[0xffffffe7][0xffffffe8][0xffffff94]kO[0xffffffdc][0xffffffb5][0xffffffa7][0xffffff81]k[0xffffffcf][0x0]u&[0xffffffce]'[0xffffffe6][0xffffffda][0xffffffd3][0xffffffc9][0xffffffb5][0x11]E[0xffffffc6][0xffffffb5][\n]"
[...]
ffffd1][0x3]([0xffffffd1]5[0xffffffef][0xffffff85][0x1][0xffffffef][0x18]%z[0x12]%4[0xffffff8a][0xc]%\ [0x19]Jh,[0xffffffeb])1[0xffffff87][0xffffffb3][0xffffff9a][0x12]sD[0xffffff93](a[0xffffffca][0xffffff93][0xffffffa5][0xffffff84][0xffffffed]R[0xffffff96][0x12][0xffffffa6]Z9JH[0xffffffd3]R[0xffffff94][0xffffff90][0xffffffe2]][0xffffffa0][0xffffff84][0xffffffb9][0xffffffce][0xffffffeb][0xffffff83][0x12]W[0xffffffa3](A_[0xffffffe7][0xfffffff5]~[0x2][0xffffff9a][0x12][0xffffffe4]u^[0xffffffef]_g([0x11]t[0xffffff9d][0xffffff97][0xffffff8b]"C[0xffffff89][0xffffff94][0xffffffeb][0xffffffbc]\,[0xffffffeb])[0xffffffc1]^[0xffffffe7][0xffffffa5][0x11]M[0xffffffa2]D[0xffffffd8]u^[0xf]][0xffffffca]R"[0xffffffe8]:/[0xffffffd3][0xffffffb4][0x14]%[0xfffffffe][0xffffff83][0xffffffeb][0xffffffbc]6s[0xffffff9d][0xffffffd7][0xfffffff1][0xffffffea][0xffffffaf][0x3][0xffffffa2][0xffffffc4][0xffffff86]_[0xffffffe7][0xffffffb5][0x5]\[0xffffffe7][0xffffffb5][0xffffff99];g[0xffffffea][0x2][0xffffffbe]a[0xffffffd7]ymr[0xffffffab][0xc]H[0x9][0x13]E[0xffffff84][0x12]6[0xffffff90][0x8]%L,[0xffffffcb])![0xffffffe1],[0xffffffa6][0xffffff84]D4[0xffffff88][0x12][0xffffffae]<QJ[0xfffffff8].E)[0xffffffe1][0xffffffaa][0x15][0xffffffa3][0xffffff84]6-D[0x9]-[0xffffffde][0x5]J[0xffffff98][0xffffffeb][0xffffffbc]>(qS[0x13]U[0x1b]~[0xffffff9d][0xffffffd7][0x16]p[0xffffff9d][0xffffffd7]f[0xffffffee][0xffffff9c])[0xc]8v[0xffffff9d][0xffffffd7]&[0xffffffb7][0xffffffca][0xffffff90][0xffffff94][0x8][0xffffffb9][0xffffffce][0xffffffcb][0x6][0xffffff92][0xffffffa1]D[0xffffffc0]u^[0x12][0xffffffce]jJ[0x4]_[0xffffffe7][0xffffffe5][0xffffffca][0xffffff93][0xffffffa5]D[0xffffffde]u^[0xffffffae]Z9J[0xffffffa4]\[0xffffffe7][0xffffffa5][0xffffffc5][0xffffffbb]@[0x9]s[0x7][0xffffffc7][0xffffffb1][0xffffffbd]^[0xffffffd4][0x1f]86[0xfffffffc][0xe][0xffffff8e]-[0xffffffe0][0xe][0xffffff8e][0xffffffcd][0xc][0xffffffc5][0x17][0x6][0x1c][0xffffffbb][0xffffff83]c[0xffffff93])x[0xffffff92][0x12]!wp[0xffffffd8]@2[0xffffff94][0x8][0xffffffb8][0xffffff83]C[0xffffffc2]YM[0xffffff89][0xffffffe0];8\y[0xffffffb2][0xffffff94][0xffffffc8][0xffffffbb][0xffffff83][0xffffffc3]U+G[0xffffff89][0xffffff94];8[0xffffffb4]x[0x17](a[0xffffff86][0xffffffb3][0xffffff8f][0xffffffed][0xffffffec][0xffffffd4][0xffffffcd][0xffffffa0][0x1b]>[0xffffff9c][0xffffffbd][0x5][0xc]gof[0xffffffdd][0xffffffb5]0[0xffffffe0][0xffffffd8]p[0xfffffff6]&[0xfffffffb][0xffffffad]$%B[0xffffff86][0xffffffb3]m [0x19]J[0x4][0xc]gK8[0xffffffab])[0x11]<[0xffffff9c][0xffffffed][0xffffffca][0xffffff93][0xffffffa5]D[0xffffffde]p[0xffffffb6][0xffffffab]V[0xffffff8e][0x12])[0xffffffc3][0xffffffd9]Z[0xffffffbc]K[0xffffff94][0xffffffb8][0xffffffc2](q[0xffffffe1][0xffffff94][0xffffffb8][0x2](q[0xffffffa1][0xffffff94][0xffffffb8]0"
14:55:25.566 [main] DEBUG org.apache.hc.client5.http.wire - http-outgoing-1 << "J\I[0xffffff94][0xffffff98][0xffffffa3]HQB[0x3]IQb[0xffffff8e]%A[0xffffff89][0xb][0xffffffa6][0xffffffc4][0x15]L[0x9])O[0xffffff9a][0x12][0xffffffa6]KiJH[0xffffffb5][0xffffff92][0xffffff94][0xffffffb8]R(q[0xffffffad]Sb[0xffffffbc][0xffffffff][\r]s[0x7][0xffffffc7][0xffffffb1][0xffffffbf][0xffffff80][0xffffffc3][0xffffffa0][0xffffffbf][0xffffff9e][0xffffff87][0xffffffa2][0xffffffc4]oO[0xffffff80]Qbz[0xffffff86]bJ[0xfffffffc][0xfffffff6][0xffffffeb][0xffffffc5][0xffffff94][0xfffffff8][0xfffffff7]/[0xffffffc3][0xffffff94]x[0xffffff8c]b1%[0xfffffffe][0x10][0xffffffc8]bJ<[0xffffffc6][0xffffffb2][0xffffff90][0x12][0xf][0xffffffe1],[0xffffffa3][0xffffffc4]CD#([0xfffffff1]\[0xffffff9e][0x10]%[0xfffffffe][0xffffffd4][0xffffffa5][0x10]%[0xffffff9e][0xffffffab][0x15][0xffffffa0][0xffffffc4]S[0xffffffd3][0xffffff96]S[0xffffffe2][0xffffffa9]x[0xffffff97](q[0xffffff84]Q[0xffffffe2][0xffffffc0])q[0x4]P[0xffffffe2]@)q`[0xffffff94]8[0xffffff92](1G[0xffffff91][0xffffffa2][0xffffff84][0x6][0xffffff92][0xffffffa2][0xffffffc4][0x1c]K[0xffffff82][0x12][0x7]L[0xffffff89]#[0xffffff98][0x12]R[0xffffff9e]4%L[0xffffff97][0xffffffd2][0xffffff94][0xffffff90]j%)q[0xffffffa4]P[0xffffffe2][0xfffffff8]6%[0xffffffcc]u^[0xffffffc7][0xffffffbe][0xffffff8f][0xfffffffa][0xffffffe1][0xffffffec]_[0xffffffcf][0x3]S[0x2][0xffffffbd][0xffffffce]kz[0x6][0xffffff86][0x12][0xffffffc0]u^[0xffffffff][0xfffffffe][0xffffffe5][0xc]J[0xffffffe0][0xffffffd7]y[0xfffffffd]![0xffffff90][0xc]%[0xffffffd0][0xffffffeb][0xffffffbc][0x1e][0xffffffc2]YM[0xffffff89][0xffffffc8][0xffffffeb][0xffffffbc][0xffffff9e][0xffffffcb][0xffffff93][0xffffffa5]D[0xffffffd2]u^[0xffffffcf][0xffffffd5][0xffffffca]Q[0xffffff82][0xffffffbf][0xffffffce][0xffffffeb][0xffffffa9]x[0x17]([0xffffffe1][0xffffffee][0xffffffe0][0xffffffd8][0xffffffdb]V[0xffffffbf]+[0xfffffff1][0xffffffeb]y`J[0xffffffa0]wpL[0xffffffcf][0xffffffc0]P[0x2][0xffffffb8][0xffffff83][0xffffffe3][0xffffffdf][0xffffffbf][0xffffff9c]A[0x9][0xfffffffc][0xe][0xffffff8e]?[0x4][0xffffff92][0xffffffa1][0x4]z[0x7][0xffffffc7]C8[0xffffffab])[0x11]y[0x7][0xffffffc7]sy[0xffffffb2][0xffffff94]H[0xffffffba][0xffffff83][0xffffffe3][0xffffffb9]Z9J[0xfffffff0]wp<[0x15][0xffffffef][0x2]%[0xffffffdc][0x1d][0x1c][0xfffffffb][0xffffffe0]([0x1][0xffffffde][0xffffffc1][0xfffffff1][0xffffffdb][0x13][0xffffffd0][0xffffff94][0xffffff80][0xffffffee][0xffffffe0][0xfffffff8][0xffffffed][0xffffffd7][0x19]Jd[0xffffffdc][0xffffffc1][0xfffffff1][0x18]E[0xffffff86][0x12][0x1]wp<[0xffffffc6][0xffffffb2][0xffffff9e][0x12][0xffffffd8][0x1d][0x1c][0xf][0x11]M[0xffffffa2]D[0xffffffce][0x1d][0x1c][0x7f][0xffffffea]R[0xffffff96][0x12][0x19]wp<5-E[0xffffff89]o[0xffffffdd][0xffffffc1][0xfffffff1][0xffffffe3][0xffffffdf][0xffffffe8][0xffffff86][0x12][0x1f][0xffffff98][0xffffffa8]?[0xffffffc1][0xfffffff1][0xffffffeb]y`J[0xfffffff4][0x0]Jt[0xffffffcd]{a[0xffffffc0];F[0xffffff89][0xffffff9e]D[0x9][0xffffff8d]"C[0x9][0x17]H[0xffffff86][0x12][0x1a][0xffffffcb]zJ[0xffffffcc][0xffffffe1][0xffffffac][0xffffffa6][0xffffffc4][0x1c][0xffffffd1]$J[0xffffff98][0xfffffff2]d)a[0xffffffbb][0xffffff94][0xffffffa5][0xffffff84][0xffffffa9]V[0xffffff8e][0x12][0xffffffd2][0xffffffb4][0x14]%[0xffffffa4]x[0x17](1[0x1c]%.[0xffffff8e][0x12][0x3][0xffffffa7][0xffffffc4][0x8][0xffffffa0][0xffffffc4][0xffffffd0][0xffffffbc][0x17][0x6]|`[0xffffff94][0x18]I[0xffffff94][0xffffffd0](2[0xffffff94]p[0xffffff81]d([0xffffffa1][0xffffffb1][0xffffffac][0xffffffa7][0xffffffc4][0x1c][0xffffffce]jJ[0xffffffcc][0x11]M[0xffffffa2][0xffffff84])O[0xffffff96][0x12][0xffffffb6]KYJ[0xffffff98]j[0xffffffe5](!MKQB[0xffffff8a][0xfffffff7][0xffffffef])[0xffffffb1][0xffffffbb];8[0xe]b8[0xfffffffb][0xffffffd7][0xfffffff3][0xffffffb0][0xffffff94][0xffffffd8][0xffffffd1];8[0xffffffa6]g@([0xffffffb1][0x3]wp[0xfffffffc][0xfffffffb][0xffffff97]#(a[0xffffffa2][0xffffff88]P[0xffffffc2][0x6][0x12][0xffffffa1][0xffffff84][0xffffff89]e9%$[0xffffff9c][0xffffffc5][0xffffff94][0xffffff90][0xffffff88][0x6]Q[0xffffffc2][0xffffff95]'J[0x9][0xffffffdf][0xffffffa5](%\[0xffffffb5]b[0xffffff94][0xffffffd0][0xffffffa6][0xffffff85]([0xffffffa1][0xffffffc5][0xfffffffb]GJ[0xfffffffc][0xffffffef][0xffffffff][0xfffffffd][0xffffffbf][0xffffffff][0xf][0xfffffff2];[0x11][0xffffffd4][0xffffffbb][0xffffffbc][0x17][0x0]"
14:55:25.678 [main] DEBUG org.apache.hc.client5.http.impl.classic.InternalHttpClient - ep-0000000002 releasing valid endpoint
14:55:25.678 [main] DEBUG org.apache.hc.client5.http.impl.io.PoolingHttpClientConnectionManager - ep-0000000002 releasing endpoint
14:55:25.678 [main] DEBUG org.apache.hc.client5.http.impl.io.PoolingHttpClientConnectionManager - ep-0000000002 connection http-outgoing-1 can be kept alive for 3 MINUTES
14:55:25.678 [main] DEBUG org.apache.hc.client5.http.impl.io.PoolingHttpClientConnectionManager - ep-0000000002 connection released [route: {s}->https://googlechromelabs.github.io:443][total available: 2; route allocated: 1 of 5; total allocated: 2 of 25]
14:55:25.680 [main] INFO io.github.bonigarcia.wdm.WebDriverManager - Using chromedriver 126.0.6478.182 (resolved driver for Chrome 126)
14:55:25.683 [main] DEBUG io.github.bonigarcia.wdm.cache.ResolutionCache - Storing resolution chrome=126 in cache (valid until 15:55:25 28/07/2024 ICT)
14:55:25.684 [main] DEBUG io.github.bonigarcia.wdm.cache.ResolutionCache - Storing resolution chrome126=126.0.6478.182 in cache (valid until 14:55:25 29/07/2024 ICT)
14:55:25.705 [main] DEBUG io.github.bonigarcia.wdm.WebDriverManager - Driver chromedriver 126.0.6478.182 found in cache
14:55:25.706 [main] INFO io.github.bonigarcia.wdm.WebDriverManager - Exporting webdriver.chrome.driver as C:\Users\OS!\.cache\selenium\chromedriver\win64\126.0.6478.182\chromedriver.exe
14:55:30.525 [main] DEBUG io.github.bonigarcia.wdm.WebDriverManager - Using WebDriverManager 5.9.1
14:55:30.539 [main] DEBUG io.github.bonigarcia.wdm.cache.ResolutionCache - Resolution chrome=126 in cache (valid until 15:55:25 28/07/2024 ICT)
14:55:30.539 [main] DEBUG io.github.bonigarcia.wdm.cache.ResolutionCache - Resolution chrome126=126.0.6478.182 in cache (valid until 14:55:25 29/07/2024 ICT)
14:55:30.539 [main] INFO io.github.bonigarcia.wdm.WebDriverManager - Using chromedriver 126.0.6478.182 (resolved driver for Chrome 126)
14:55:30.550 [main] DEBUG io.github.bonigarcia.wdm.WebDriverManager - Driver chromedriver 126.0.6478.182 found in cache
14:55:30.551 [main] INFO io.github.bonigarcia.wdm.WebDriverManager - Exporting webdriver.chrome.driver as C:\Users\OS!\.cache\selenium\chromedriver\win64\126.0.6478.182\chromedriver.exe
14:55:35.045 [main] DEBUG io.github.bonigarcia.wdm.WebDriverManager - Using WebDriverManager 5.9.1
14:55:35.063 [main] DEBUG io.github.bonigarcia.wdm.cache.ResolutionCache - Resolution chrome=126 in cache (valid until 15:55:25 28/07/2024 ICT)
14:55:35.064 [main] DEBUG io.github.bonigarcia.wdm.cache.ResolutionCache - Resolution chrome126=126.0.6478.182 in cache (valid until 14:55:25 29/07/2024 ICT)
14:55:35.064 [main] INFO io.github.bonigarcia.wdm.WebDriverManager - Using chromedriver 126.0.6478.182 (resolved driver for Chrome 126)
14:55:35.070 [main] DEBUG io.github.bonigarcia.wdm.WebDriverManager - Driver chromedriver 126.0.6478.182 found in cache
14:55:35.072 [main] INFO io.github.bonigarcia.wdm.WebDriverManager - Exporting webdriver.chrome.driver as C:\Users\OS!\.cache\selenium\chromedriver\win64\126.0.6478.182\chromedriver.exe
]]></system-out>
  </testcase>
  <testcase name="submitOrder[{password=Iamking@000, product=ADIDAS ORIGINAL, email=shetty@gmail.com}](2)" classname="trangacademy.trangselenium.pageobjects.SubmitOrderTest" time="8.348">
    <failure message="expected [true] but found [false]" type="java.lang.AssertionError"><![CDATA[java.lang.AssertionError: expected [true] but found [false]
	at org.testng.Assert.fail(Assert.java:111)
	at org.testng.Assert.failNotEquals(Assert.java:1578)
	at org.testng.Assert.assertTrue(Assert.java:57)
	at org.testng.Assert.assertTrue(Assert.java:67)
	at trangacademy.trangselenium.pageobjects.SubmitOrderTest.submitOrder(SubmitOrderTest.java:36)
	at java.base/jdk.internal.reflect.NativeMethodAccessorImpl.invoke0(Native Method)
	at java.base/jdk.internal.reflect.NativeMethodAccessorImpl.invoke(NativeMethodAccessorImpl.java:77)
	at java.base/jdk.internal.reflect.DelegatingMethodAccessorImpl.invoke(DelegatingMethodAccessorImpl.java:43)
	at java.base/java.lang.reflect.Method.invoke(Method.java:568)
	at org.testng.internal.invokers.MethodInvocationHelper.invokeMethod(MethodInvocationHelper.java:139)
	at org.testng.internal.invokers.TestInvoker.invokeMethod(TestInvoker.java:664)
	at org.testng.internal.invokers.TestInvoker.invokeTestMethod(TestInvoker.java:228)
	at org.testng.internal.invokers.MethodRunner.runInSequence(MethodRunner.java:63)
	at org.testng.internal.invokers.TestInvoker$MethodInvocationAgent.invoke(TestInvoker.java:961)
	at org.testng.internal.invokers.TestInvoker.invokeTestMethods(TestInvoker.java:201)
	at org.testng.internal.invokers.TestMethodWorker.invokeTestMethods(TestMethodWorker.java:148)
	at org.testng.internal.invokers.TestMethodWorker.run(TestMethodWorker.java:128)
	at java.base/java.util.ArrayList.forEach(ArrayList.java:1511)
	at org.testng.TestRunner.privateRun(TestRunner.java:819)
	at org.testng.TestRunner.run(TestRunner.java:619)
	at org.testng.SuiteRunner.runTest(SuiteRunner.java:443)
	at org.testng.SuiteRunner.runSequentially(SuiteRunner.java:437)
	at org.testng.SuiteRunner.privateRun(SuiteRunner.java:397)
	at org.testng.SuiteRunner.run(SuiteRunner.java:336)
	at org.testng.SuiteRunnerWorker.runSuite(SuiteRunnerWorker.java:52)
	at org.testng.SuiteRunnerWorker.run(SuiteRunnerWorker.java:95)
	at org.testng.TestNG.runSuitesSequentially(TestNG.java:1301)
	at org.testng.TestNG.runSuitesLocally(TestNG.java:1228)
	at org.testng.TestNG.runSuites(TestNG.java:1134)
	at org.testng.TestNG.run(TestNG.java:1101)
	at org.apache.maven.surefire.testng.TestNGExecutor.run(TestNGExecutor.java:155)
	at org.apache.maven.surefire.testng.TestNGDirectoryTestSuite.executeMulti(TestNGDirectoryTestSuite.java:169)
	at org.apache.maven.surefire.testng.TestNGDirectoryTestSuite.execute(TestNGDirectoryTestSuite.java:88)
	at org.apache.maven.surefire.testng.TestNGProvider.invoke(TestNGProvider.java:137)
	at org.apache.maven.surefire.booter.ForkedBooter.runSuitesInProcess(ForkedBooter.java:385)
	at org.apache.maven.surefire.booter.ForkedBooter.execute(ForkedBooter.java:162)
	at org.apache.maven.surefire.booter.ForkedBooter.run(ForkedBooter.java:507)
	at org.apache.maven.surefire.booter.ForkedBooter.main(ForkedBooter.java:495)
]]></failure>
    <system-out><![CDATA[14:55:42.285 [main] DEBUG io.github.bonigarcia.wdm.WebDriverManager - Using WebDriverManager 5.9.1
14:55:42.295 [main] DEBUG io.github.bonigarcia.wdm.cache.ResolutionCache - Resolution chrome=126 in cache (valid until 15:55:25 28/07/2024 ICT)
14:55:42.297 [main] DEBUG io.github.bonigarcia.wdm.cache.ResolutionCache - Resolution chrome126=126.0.6478.182 in cache (valid until 14:55:25 29/07/2024 ICT)
14:55:42.297 [main] INFO io.github.bonigarcia.wdm.WebDriverManager - Using chromedriver 126.0.6478.182 (resolved driver for Chrome 126)
14:55:42.305 [main] DEBUG io.github.bonigarcia.wdm.WebDriverManager - Driver chromedriver 126.0.6478.182 found in cache
14:55:42.306 [main] INFO io.github.bonigarcia.wdm.WebDriverManager - Exporting webdriver.chrome.driver as C:\Users\OS!\.cache\selenium\chromedriver\win64\126.0.6478.182\chromedriver.exe
14:55:46.207 [main] DEBUG io.github.bonigarcia.wdm.WebDriverManager - Using WebDriverManager 5.9.1
14:55:46.220 [main] DEBUG io.github.bonigarcia.wdm.cache.ResolutionCache - Resolution chrome=126 in cache (valid until 15:55:25 28/07/2024 ICT)
14:55:46.220 [main] DEBUG io.github.bonigarcia.wdm.cache.ResolutionCache - Resolution chrome126=126.0.6478.182 in cache (valid until 14:55:25 29/07/2024 ICT)
14:55:46.221 [main] INFO io.github.bonigarcia.wdm.WebDriverManager - Using chromedriver 126.0.6478.182 (resolved driver for Chrome 126)
14:55:46.230 [main] DEBUG io.github.bonigarcia.wdm.WebDriverManager - Driver chromedriver 126.0.6478.182 found in cache
14:55:46.231 [main] INFO io.github.bonigarcia.wdm.WebDriverManager - Exporting webdriver.chrome.driver as C:\Users\OS!\.cache\selenium\chromedriver\win64\126.0.6478.182\chromedriver.exe
14:55:48.473 [main] DEBUG io.github.bonigarcia.wdm.WebDriverManager - Using WebDriverManager 5.9.1
14:55:48.484 [main] DEBUG io.github.bonigarcia.wdm.cache.ResolutionCache - Resolution chrome=126 in cache (valid until 15:55:25 28/07/2024 ICT)
14:55:48.485 [main] DEBUG io.github.bonigarcia.wdm.cache.ResolutionCache - Resolution chrome126=126.0.6478.182 in cache (valid until 14:55:25 29/07/2024 ICT)
14:55:48.485 [main] INFO io.github.bonigarcia.wdm.WebDriverManager - Using chromedriver 126.0.6478.182 (resolved driver for Chrome 126)
14:55:48.494 [main] DEBUG io.github.bonigarcia.wdm.WebDriverManager - Driver chromedriver 126.0.6478.182 found in cache
14:55:48.495 [main] INFO io.github.bonigarcia.wdm.WebDriverManager - Exporting webdriver.chrome.driver as C:\Users\OS!\.cache\selenium\chromedriver\win64\126.0.6478.182\chromedriver.exe
]]></system-out>
    <system-err><![CDATA[Jul 28, 2024 2:55:42 PM org.openqa.selenium.remote.http.WebSocket$Listener onError
WARNING: Connection reset
java.net.SocketException: Connection reset
	at java.base/sun.nio.ch.SocketChannelImpl.throwConnectionReset(SocketChannelImpl.java:394)
	at java.base/sun.nio.ch.SocketChannelImpl.read(SocketChannelImpl.java:426)
	at java.net.http/jdk.internal.net.http.SocketTube.readAvailable(SocketTube.java:1170)
	at java.net.http/jdk.internal.net.http.SocketTube$InternalReadPublisher$InternalReadSubscription.read(SocketTube.java:833)
	at java.net.http/jdk.internal.net.http.SocketTube$SocketFlowTask.run(SocketTube.java:181)
	at java.net.http/jdk.internal.net.http.common.SequentialScheduler$SchedulableTask.run(SequentialScheduler.java:230)
	at java.net.http/jdk.internal.net.http.common.SequentialScheduler.runOrSchedule(SequentialScheduler.java:303)
	at java.net.http/jdk.internal.net.http.common.SequentialScheduler.runOrSchedule(SequentialScheduler.java:256)
	at java.net.http/jdk.internal.net.http.SocketTube$InternalReadPublisher$InternalReadSubscription.signalReadable(SocketTube.java:774)
	at java.net.http/jdk.internal.net.http.SocketTube$InternalReadPublisher$ReadEvent.signalEvent(SocketTube.java:957)
	at java.net.http/jdk.internal.net.http.SocketTube$SocketFlowEvent.handle(SocketTube.java:253)
	at java.net.http/jdk.internal.net.http.HttpClientImpl$SelectorManager.handleEvent(HttpClientImpl.java:979)
	at java.net.http/jdk.internal.net.http.HttpClientImpl$SelectorManager.lambda$run$3(HttpClientImpl.java:934)
	at java.base/java.util.ArrayList.forEach(ArrayList.java:1511)
	at java.net.http/jdk.internal.net.http.HttpClientImpl$SelectorManager.run(HttpClientImpl.java:934)

]]></system-err>
  </testcase>
  <testcase name="OrderHistoryTest" classname="trangacademy.trangselenium.pageobjects.SubmitOrderTest" time="0.0">
    <skipped message="Method trangacademy.trangselenium.pageobjects.SubmitOrderTest.OrderHistoryTest() on instance trangacademy.trangselenium.pageobjects.SubmitOrderTest@74fe5c40 depends on not successfully finished methods &#10;[trangacademy.trangselenium.pageobjects.SubmitOrderTest.submitOrder() on instance trangacademy.trangselenium.pageobjects.SubmitOrderTest@74fe5c40]"/>
    <system-err><![CDATA[Jul 28, 2024 2:55:54 PM org.openqa.selenium.remote.http.WebSocket$Listener onError
WARNING: Connection reset
java.net.SocketException: Connection reset
	at java.base/sun.nio.ch.SocketChannelImpl.throwConnectionReset(SocketChannelImpl.java:394)
	at java.base/sun.nio.ch.SocketChannelImpl.read(SocketChannelImpl.java:426)
	at java.net.http/jdk.internal.net.http.SocketTube.readAvailable(SocketTube.java:1170)
	at java.net.http/jdk.internal.net.http.SocketTube$InternalReadPublisher$InternalReadSubscription.read(SocketTube.java:833)
	at java.net.http/jdk.internal.net.http.SocketTube$SocketFlowTask.run(SocketTube.java:181)
	at java.net.http/jdk.internal.net.http.common.SequentialScheduler$SchedulableTask.run(SequentialScheduler.java:230)
	at java.net.http/jdk.internal.net.http.common.SequentialScheduler.runOrSchedule(SequentialScheduler.java:303)
	at java.net.http/jdk.internal.net.http.common.SequentialScheduler.runOrSchedule(SequentialScheduler.java:256)
	at java.net.http/jdk.internal.net.http.SocketTube$InternalReadPublisher$InternalReadSubscription.signalReadable(SocketTube.java:774)
	at java.net.http/jdk.internal.net.http.SocketTube$InternalReadPublisher$ReadEvent.signalEvent(SocketTube.java:957)
	at java.net.http/jdk.internal.net.http.SocketTube$SocketFlowEvent.handle(SocketTube.java:253)
	at java.net.http/jdk.internal.net.http.HttpClientImpl$SelectorManager.handleEvent(HttpClientImpl.java:979)
	at java.net.http/jdk.internal.net.http.HttpClientImpl$SelectorManager.lambda$run$3(HttpClientImpl.java:934)
	at java.base/java.util.ArrayList.forEach(ArrayList.java:1511)
	at java.net.http/jdk.internal.net.http.HttpClientImpl$SelectorManager.run(HttpClientImpl.java:934)

]]></system-err>
  </testcase>
</testsuite>