<?xml version="1.0" encoding="UTF-8"?>
<!-- Generated by org.testng.reporters.JUnitXMLReporter -->
<testsuite ignored="0" hostname="DESKTOP-CHKRU1Q" failures="0" tests="9" name="Test" time="0.066" errors="0" timestamp="2024-03-29T04:53:11 ICT">
  <testcase classname="Test.day4" name="LoginAPIhomeloan" time="0.004"/>
  <testcase classname="Test.day4" name="Mobileloginhomeloan" time="0.002"/>
  <testcase classname="Test.day4" name="Webloginhomeloan" time="0.001"/>
  <testcase classname="Test.day3" name="LoginAPIcarloan" time="0.001"/>
  <testcase classname="Test.day3" name="Mobilelogincarloan" time="0.001"/>
  <testcase classname="Test.day3" name="Weblogincarloan" time="0.001"/>
  <testcase classname="Test.day2" name="ThirdTest" time="0.002"/>
  <testcase classname="Test.day1" name="Demo" time="0.002"/>
  <testcase classname="Test.day1" name="SecondTest" time="0.001"/>
</testsuite> <!-- Test -->
