<?xml version="1.0" encoding="UTF-8"?>
<testng-results ignored="0" total="1" passed="1" failed="0" skipped="0">
  <reporter-output>
  </reporter-output>
  <suite started-at="2024-04-30T09:56:39 ICT" name="Default suite" finished-at="2024-04-30T09:56:39 ICT" duration-ms="66">
    <groups>
    </groups>
    <test started-at="2024-04-30T09:56:39 ICT" name="Default test" finished-at="2024-04-30T09:56:39 ICT" duration-ms="66">
      <class name="PS1">
        <test-method is-config="true" signature="beforeRun()[pri:0, instance:PS1@5acf93bb]" started-at="2024-04-30T09:56:39 ICT" name="beforeRun" finished-at="2024-04-30T09:56:39 ICT" duration-ms="9" status="PASS">
          <reporter-output>
          </reporter-output>
        </test-method> <!-- beforeRun -->
        <test-method signature="runTest()[pri:0, instance:PS1@5acf93bb]" started-at="2024-04-30T09:56:39 ICT" name="runTest" finished-at="2024-04-30T09:56:39 ICT" duration-ms="7" status="PASS">
          <reporter-output>
          </reporter-output>
        </test-method> <!-- runTest -->
      </class> <!-- PS1 -->
    </test> <!-- Default test -->
  </suite> <!-- Default suite -->
</testng-results>
