<?xml version="1.0" encoding="UTF-8"?>
<!-- Generated by org.testng.reporters.JUnitXMLReporter -->
<testsuite ignored="0" hostname="DESKTOP-CHKRU1Q" failures="1" tests="2" name="Error Validation Test" time="18.504" errors="0" timestamp="2024-07-20T13:22:20 ICT">
  <testcase classname="trangacademy.trangselenium.pageobjects.ErrorValidation" name="LoginErrorValidation" time="0.274">
    <failure type="java.lang.ClassCastException" message="class jdk.proxy2.$Proxy16 cannot be cast to class org.openqa.selenium.By (jdk.proxy2.$Proxy16 is in module jdk.proxy2 of loader &amp;apos;app&amp;apos;; org.openqa.selenium.By is in unnamed module of loader &amp;apos;app&amp;apos;)">
      <![CDATA[java.lang.ClassCastException: class jdk.proxy2.$Proxy16 cannot be cast to class org.openqa.selenium.By (jdk.proxy2.$Proxy16 is in module jdk.proxy2 of loader 'app'; org.openqa.selenium.By is in unnamed module of loader 'app')
at trangacademy.trangselenium.pageobjects.LandingPage.getErrorMessage(LandingPage.java:45)
at trangacademy.trangselenium.pageobjects.ErrorValidation.LoginErrorValidation(ErrorValidation.java:22)
at java.base/java.util.ArrayList.forEach(ArrayList.java:1511)
at java.base/java.util.concurrent.FutureTask.run(FutureTask.java:264)
at java.base/java.util.concurrent.ThreadPoolExecutor.runWorker(ThreadPoolExecutor.java:1136)
at java.base/java.util.concurrent.ThreadPoolExecutor$Worker.run(ThreadPoolExecutor.java:635)
at java.base/java.lang.Thread.run(Thread.java:833)
... Removed 17 stack frames]]>
    </failure>
  </testcase> <!-- LoginErrorValidation -->
  <testcase classname="trangacademy.trangselenium.pageobjects.ErrorValidation" name="ProductErrorValidation" time="10.412"/>
</testsuite> <!-- Error Validation Test -->
