<?xml version="1.0" encoding="UTF-8"?>
<testng-results ignored="0" total="1" passed="1" failed="0" skipped="0">
  <reporter-output>
  </reporter-output>
  <suite started-at="2024-02-25T22:20:45 ICT" name="Default suite" finished-at="2024-02-25T22:20:45 ICT" duration-ms="46">
    <groups>
    </groups>
    <test started-at="2024-02-25T22:20:45 ICT" name="Default test" finished-at="2024-02-25T22:20:45 ICT" duration-ms="46">
      <class name="test01">
        <test-method signature="StreamCollect()[pri:0, instance:test01@1a6d8329]" started-at="2024-02-25T22:20:45 ICT" name="StreamCollect" finished-at="2024-02-25T22:20:45 ICT" duration-ms="9" status="PASS">
          <reporter-output>
          </reporter-output>
        </test-method> <!-- StreamCollect -->
      </class> <!-- test01 -->
    </test> <!-- Default test -->
  </suite> <!-- Default suite -->
</testng-results>
